<?xml version="1.0" encoding="UTF-8"?>
<testsuite xmlns:xsi="http://www.w3.org/2001/XMLSchema-instance" xsi:schemaLocation="https://maven.apache.org/surefire/maven-surefire-plugin/xsd/surefire-test-report.xsd" name="TestSuite" time="0.642" tests="67" errors="0" skipped="66" failures="1">
  <properties>
    <property name="idea.version" value="2020.3.1"/>
    <property name="java.runtime.name" value="Java(TM) SE Runtime Environment"/>
    <property name="sun.boot.library.path" value="C:\Program Files\Java\jdk1.8.0_121\jre\bin"/>
    <property name="java.vm.version" value="25.121-b13"/>
    <property name="java.vm.vendor" value="Oracle Corporation"/>
    <property name="maven.multiModuleProjectDirectory" value="C:\Users\ExtremeTech\Desktop\Selenium_Basics"/>
    <property name="java.vendor.url" value="http://java.oracle.com/"/>
    <property name="path.separator" value=";"/>
    <property name="guice.disable.misplaced.annotation.check" value="true"/>
    <property name="java.vm.name" value="Java HotSpot(TM) 64-Bit Server VM"/>
    <property name="file.encoding.pkg" value="sun.io"/>
    <property name="user.script" value=""/>
    <property name="user.country" value="ES"/>
    <property name="sun.java.launcher" value="SUN_STANDARD"/>
    <property name="sun.os.patch.level" value=""/>
    <property name="java.vm.specification.name" value="Java Virtual Machine Specification"/>
    <property name="user.dir" value="C:\Users\ExtremeTech\Desktop\Selenium_Basics"/>
    <property name="java.runtime.version" value="1.8.0_121-b13"/>
    <property name="java.awt.graphicsenv" value="sun.awt.Win32GraphicsEnvironment"/>
    <property name="java.endorsed.dirs" value="C:\Program Files\Java\jdk1.8.0_121\jre\lib\endorsed"/>
    <property name="os.arch" value="amd64"/>
    <property name="java.io.tmpdir" value="C:\Users\EXTREM~1\AppData\Local\Temp\"/>
    <property name="line.separator" value="&#10;"/>
    <property name="java.vm.specification.vendor" value="Oracle Corporation"/>
    <property name="user.variant" value=""/>
    <property name="os.name" value="Windows 10"/>
    <property name="maven.ext.class.path" value="D:\Program Files\IntelliJ IDEA 2020.3.1\plugins\maven\lib\maven-event-listener.jar"/>
    <property name="classworlds.conf" value="D:\Program Files\IntelliJ IDEA 2020.3.1\plugins\maven\lib\maven3\bin\m2.conf"/>
    <property name="sun.jnu.encoding" value="Cp1252"/>
    <property name="java.library.path" value="C:\Program Files\Java\jdk1.8.0_121\bin;C:\WINDOWS\Sun\Java\bin;C:\WINDOWS\system32;C:\WINDOWS;C:\Program Files (x86)\Common Files\Oracle\Java\javapath;C:\ProgramData\Oracle\Java\javapath;C:\Windows\system32;C:\Windows;C:\Windows\System32\Wbem;C:\Windows\System32\WindowsPowerShell\v1.0\;C:\Program Files (x86)\NVIDIA Corporation\PhysX\Common;C:\Program Files\Microsoft SQL Server\130\Tools\Binn\;C:\Program Files (x86)\GtkSharp\2.12\bin;C:\WINDOWS\system32;C:\WINDOWS;C:\WINDOWS\System32\Wbem;C:\WINDOWS\System32\WindowsPowerShell\v1.0\;C:\Program Files (x86)\Git\cmd;C:\Program Files\dotnet\;C:\Program Files\Microsoft SQL Server\Client SDK\ODBC\130\Tools\Binn\;C:\Program Files (x86)\Microsoft SQL Server\130\Tools\Binn\;C:\Program Files\Microsoft SQL Server\130\DTS\Binn\;C:\WINDOWS\System32\OpenSSH\;D:\apache-maven-3.5.3\bin;;D:\Microsoft VS Code\bin;C:\Program Files\NVIDIA Corporation\NVIDIA NvDLISR;C:\WINDOWS\system32;C:\WINDOWS;C:\WINDOWS\System32\Wbem;C:\WINDOWS\System32\WindowsPowerShell\v1.0\;C:\WINDOWS\System32\OpenSSH\;D:\NodeJs\;C:\Program Files\Amazon\AWSCLIV2\;C:\Program Files\Microsoft SQL Server\Client SDK\ODBC\170\Tools\Binn\;C:\Users\ExtremeTech\AppData\Local\Microsoft\WindowsApps;C:\Program Files\Microsoft VS Code\bin;D:\Microsoft VS Code\bin;D:\heroku\bin;C:\Users\ExtremeTech\AppData\Local\GitHubDesktop\bin;C:\Users\ExtremeTech\AppData\Local\Microsoft\WindowsApps;C:\Users\ExtremeTech\AppData\Roaming\npm;D:\Program Files\PostgreSQL\13\bin;C:\Users\ExtremeTech\.dotnet\tools;."/>
    <property name="maven.conf" value="D:\Program Files\IntelliJ IDEA 2020.3.1\plugins\maven\lib\maven3/conf"/>
    <property name="java.specification.name" value="Java Platform API Specification"/>
    <property name="java.class.version" value="52.0"/>
    <property name="sun.management.compiler" value="HotSpot 64-Bit Tiered Compilers"/>
    <property name="os.version" value="10.0"/>
    <property name="user.home" value="C:\Users\ExtremeTech"/>
    <property name="user.timezone" value="America/Regina"/>
    <property name="java.awt.printerjob" value="sun.awt.windows.WPrinterJob"/>
    <property name="java.specification.version" value="1.8"/>
    <property name="file.encoding" value="UTF-8"/>
    <property name="user.name" value="ExtremeTech"/>
    <property name="java.class.path" value="D:\Program Files\IntelliJ IDEA 2020.3.1\plugins\maven\lib\maven3\boot\plexus-classworlds-2.6.0.jar;D:\Program Files\IntelliJ IDEA 2020.3.1\plugins\maven\lib\maven3\boot\plexus-classworlds.license;D:\Program Files\IntelliJ IDEA 2020.3.1\lib\idea_rt.jar"/>
    <property name="java.vm.specification.version" value="1.8"/>
    <property name="sun.arch.data.model" value="64"/>
    <property name="java.home" value="C:\Program Files\Java\jdk1.8.0_121\jre"/>
    <property name="sun.java.command" value="org.codehaus.classworlds.Launcher -Didea.version=2020.3.1 install"/>
    <property name="java.specification.vendor" value="Oracle Corporation"/>
    <property name="user.language" value="es"/>
    <property name="awt.toolkit" value="sun.awt.windows.WToolkit"/>
    <property name="java.vm.info" value="mixed mode"/>
    <property name="java.version" value="1.8.0_121"/>
    <property name="java.ext.dirs" value="C:\Program Files\Java\jdk1.8.0_121\jre\lib\ext;C:\WINDOWS\Sun\Java\lib\ext"/>
    <property name="sun.boot.class.path" value="C:\Program Files\Java\jdk1.8.0_121\jre\lib\resources.jar;C:\Program Files\Java\jdk1.8.0_121\jre\lib\rt.jar;C:\Program Files\Java\jdk1.8.0_121\jre\lib\sunrsasign.jar;C:\Program Files\Java\jdk1.8.0_121\jre\lib\jsse.jar;C:\Program Files\Java\jdk1.8.0_121\jre\lib\jce.jar;C:\Program Files\Java\jdk1.8.0_121\jre\lib\charsets.jar;C:\Program Files\Java\jdk1.8.0_121\jre\lib\jfr.jar;C:\Program Files\Java\jdk1.8.0_121\jre\classes"/>
    <property name="java.vendor" value="Oracle Corporation"/>
    <property name="maven.home" value="D:\Program Files\IntelliJ IDEA 2020.3.1\plugins\maven\lib\maven3"/>
    <property name="file.separator" value="\"/>
    <property name="java.vendor.url.bug" value="http://bugreport.sun.com/bugreport/"/>
    <property name="sun.cpu.endian" value="little"/>
    <property name="sun.io.unicode.encoding" value="UnicodeLittle"/>
    <property name="sun.desktop" value="windows"/>
    <property name="sun.cpu.isalist" value="amd64"/>
  </properties>
  <testcase name="TestSetUp" classname="Target.TestFindMyStore" time="0.353">
    <failure message="&#10;Parameter &apos;Browser&apos; is required by @Configuration on method TestSetUp but has not been marked @Optional or defined&#10;" type="org.testng.TestNGException">org.testng.TestNGException: 

Parameter 'Browser' is required by @Configuration on method TestSetUp but has not been marked @Optional or defined

</failure>
  </testcase>
  <testcase name="methodLevelSetUp" classname="Target.TestFindMyStore" time="0">
    <skipped/>
  </testcase>
  <testcase name="smokeTestFilterStore" classname="Target.TestFindMyStore" time="0">
    <skipped/>
  </testcase>
  <testcase name="teardown" classname="Target.TestFindMyStore" time="0">
    <skipped/>
  </testcase>
  <testcase name="TestSetUp" classname="Target.TestTargetCategories" time="0">
    <skipped/>
  </testcase>
  <testcase name="methodLevelSetUp" classname="Target.TestTargetCategories" time="0">
    <skipped/>
  </testcase>
  <testcase name="methodLevelSetUp" classname="Target.TestTargetCategories" time="0">
    <skipped/>
  </testcase>
  <testcase name="regressionClothesFilters" classname="Target.TestTargetCategories" time="0">
    <skipped/>
  </testcase>
  <testcase name="regressionDeliveryFilters" classname="Target.TestTargetCategories" time="0">
    <skipped/>
  </testcase>
  <testcase name="teardown" classname="Target.TestTargetCategories" time="0">
    <skipped/>
  </testcase>
  <testcase name="TestSetUp" classname="Target.TestTargetDetailPage" time="0">
    <skipped/>
  </testcase>
  <testcase name="methodLevelSetUp" classname="Target.TestTargetDetailPage" time="0">
    <skipped/>
  </testcase>
  <testcase name="methodLevelSetUp" classname="Target.TestTargetDetailPage" time="0">
    <skipped/>
  </testcase>
  <testcase name="testDisplayDetailItem" classname="Target.TestTargetDetailPage" time="0">
    <skipped/>
  </testcase>
  <testcase name="testNotDetailFoundItem" classname="Target.TestTargetDetailPage" time="0">
    <skipped/>
  </testcase>
  <testcase name="teardown" classname="Target.TestTargetDetailPage" time="0">
    <skipped/>
  </testcase>
  <testcase name="TestSetUp" classname="Target.TestTargetFavoritePage" time="0">
    <skipped/>
  </testcase>
  <testcase name="methodLevelSetUp" classname="Target.TestTargetFavoritePage" time="0">
    <skipped/>
  </testcase>
  <testcase name="methodLevelSetUp" classname="Target.TestTargetFavoritePage" time="0">
    <skipped/>
  </testcase>
  <testcase name="methodLevelSetUp" classname="Target.TestTargetFavoritePage" time="0">
    <skipped/>
  </testcase>
  <testcase name="methodLevelSetUp" classname="Target.TestTargetFavoritePage" time="0">
    <skipped/>
  </testcase>
  <testcase name="testFavoriteSave" classname="Target.TestTargetFavoritePage" time="0">
    <skipped/>
  </testcase>
  <testcase name="testFavoriteSaveDisplay" classname="Target.TestTargetFavoritePage" time="0">
    <skipped/>
  </testcase>
  <testcase name="testFavoriteSaveRemove" classname="Target.TestTargetFavoritePage" time="0">
    <skipped/>
  </testcase>
  <testcase name="testFavoriteSaveRemoveDisplay" classname="Target.TestTargetFavoritePage" time="0">
    <skipped/>
  </testcase>
  <testcase name="teardown" classname="Target.TestTargetFavoritePage" time="0">
    <skipped/>
  </testcase>
  <testcase name="TestSetUp" classname="Target.TestTargetLogin" time="0">
    <skipped/>
  </testcase>
  <testcase name="methodLevelSetUp" classname="Target.TestTargetLogin" time="0">
    <skipped/>
  </testcase>
  <testcase name="methodLevelSetUp" classname="Target.TestTargetLogin" time="0">
    <skipped/>
  </testcase>
  <testcase name="methodLevelSetUp" classname="Target.TestTargetLogin" time="0">
    <skipped/>
  </testcase>
  <testcase name="createAccountWithUsedEmail" classname="Target.TestTargetLogin" time="0">
    <skipped/>
  </testcase>
  <testcase name="testFakeUserLogin" classname="Target.TestTargetLogin" time="0">
    <skipped/>
  </testcase>
  <testcase name="testLogin" classname="Target.TestTargetLogin" time="0">
    <skipped/>
  </testcase>
  <testcase name="teardown" classname="Target.TestTargetLogin" time="0">
    <skipped/>
  </testcase>
  <testcase name="TestSetUp" classname="Target.TestTargetMenuNav" time="0">
    <skipped/>
  </testcase>
  <testcase name="methodLevelSetUp" classname="Target.TestTargetMenuNav" time="0">
    <skipped/>
  </testcase>
  <testcase name="regressionWhatsNewNav" classname="Target.TestTargetMenuNav" time="0">
    <skipped/>
  </testcase>
  <testcase name="teardown" classname="Target.TestTargetMenuNav" time="0">
    <skipped/>
  </testcase>
  <testcase name="TestSetUp" classname="Target.TestTargetPage" time="0">
    <skipped/>
  </testcase>
  <testcase name="methodLevelSetUp" classname="Target.TestTargetPage" time="0">
    <skipped/>
  </testcase>
  <testcase name="regressionUseLocation" classname="Target.TestTargetPage" time="0">
    <skipped/>
  </testcase>
  <testcase name="resetTest" classname="Target.TestTargetPage" time="0">
    <skipped/>
  </testcase>
  <testcase name="teardown" classname="Target.TestTargetPage" time="0">
    <skipped/>
  </testcase>
  <testcase name="TestSetUp" classname="Target.TestTargetPasswordRecoveryPage" time="0">
    <skipped/>
  </testcase>
  <testcase name="methodLevelSetUp" classname="Target.TestTargetPasswordRecoveryPage" time="0">
    <skipped/>
  </testcase>
  <testcase name="methodLevelSetUp" classname="Target.TestTargetPasswordRecoveryPage" time="0">
    <skipped/>
  </testcase>
  <testcase name="testFakePasswordRecovery" classname="Target.TestTargetPasswordRecoveryPage" time="0">
    <skipped/>
  </testcase>
  <testcase name="testPasswordRecovery" classname="Target.TestTargetPasswordRecoveryPage" time="0">
    <skipped/>
  </testcase>
  <testcase name="teardown" classname="Target.TestTargetPasswordRecoveryPage" time="0">
    <skipped/>
  </testcase>
  <testcase name="TestSetUp" classname="Target.TestTargetSearchPage" time="0">
    <skipped/>
  </testcase>
  <testcase name="methodLevelSetUp" classname="Target.TestTargetSearchPage" time="0">
    <skipped/>
  </testcase>
  <testcase name="methodLevelSetUp" classname="Target.TestTargetSearchPage" time="0">
    <skipped/>
  </testcase>
  <testcase name="methodLevelSetUp" classname="Target.TestTargetSearchPage" time="0">
    <skipped/>
  </testcase>
  <testcase name="methodLevelSetUp" classname="Target.TestTargetSearchPage" time="0">
    <skipped/>
  </testcase>
  <testcase name="methodLevelSetUp" classname="Target.TestTargetSearchPage" time="0">
    <skipped/>
  </testcase>
  <testcase name="testCategoryNotFound" classname="Target.TestTargetSearchPage" time="0">
    <skipped/>
  </testcase>
  <testcase name="testDisplayCategory" classname="Target.TestTargetSearchPage" time="0">
    <skipped/>
  </testcase>
  <testcase name="testSearchCategory" classname="Target.TestTargetSearchPage" time="0">
    <skipped/>
  </testcase>
  <testcase name="testSearchItem" classname="Target.TestTargetSearchPage" time="0">
    <skipped/>
  </testcase>
  <testcase name="testSupportTypoItem" classname="Target.TestTargetSearchPage" time="0">
    <skipped/>
  </testcase>
  <testcase name="teardown" classname="Target.TestTargetSearchPage" time="0">
    <skipped/>
  </testcase>
  <testcase name="TestSetUp" classname="Target.TestTargetShoppingCart" time="0">
    <skipped/>
  </testcase>
  <testcase name="methodLevelSetUp" classname="Target.TestTargetShoppingCart" time="0">
    <skipped/>
  </testcase>
  <testcase name="methodLevelSetUp" classname="Target.TestTargetShoppingCart" time="0">
    <skipped/>
  </testcase>
  <testcase name="addItemToCart" classname="Target.TestTargetShoppingCart" time="0">
    <skipped/>
  </testcase>
  <testcase name="deleteItemfromCart" classname="Target.TestTargetShoppingCart" time="0">
    <skipped/>
  </testcase>
  <testcase name="teardown" classname="Target.TestTargetShoppingCart" time="0">
    <skipped/>
  </testcase>
</testsuite>