<!DOCTYPE html PUBLIC "-//W3C//DTD XHTML 1.1//EN" "http://www.w3.org/TR/xhtml11/DTD/xhtml11.dtd">
<html xmlns="http://www.w3.org/1999/xhtml"><head><title>TestNG Report</title><style type="text/css">table {margin-bottom:10px;border-collapse:collapse;empty-cells:show}th,td {border:1px solid #009;padding:.25em .5em}th {vertical-align:bottom}td {vertical-align:top}table a {font-weight:bold}.stripe td {background-color: #E6EBF9}.num {text-align:right}.passedodd td {background-color: #3F3}.passedeven td {background-color: #0A0}.skippedodd td {background-color: #DDD}.skippedeven td {background-color: #CCC}.failedodd td,.attn {background-color: #F33}.failedeven td,.stripe .attn {background-color: #D00}.stacktrace {white-space:pre;font-family:monospace}.totop {font-size:85%;text-align:center;border-bottom:2px solid #000}</style></head><body><table><tr><th>Test</th><th># Passed</th><th># Skipped</th><th># Failed</th><th>Time (ms)</th><th>Included Groups</th><th>Excluded Groups</th></tr><tr><th colspan="7">Suite</th></tr><tr><td><a href="#t0">PasswordRecovery</a></td><td class="num">2</td><td class="num">0</td><td class="num">0</td><td class="num">36,795</td><td></td><td></td></tr><tr class="stripe"><td><a href="#t1">Login</a></td><td class="num">3</td><td class="num">0</td><td class="num">0</td><td class="num">146,488</td><td></td><td></td></tr><tr><td><a href="#t2">DetailPage</a></td><td class="num">2</td><td class="num">0</td><td class="num">0</td><td class="num">50,894</td><td></td><td></td></tr><tr class="stripe"><td><a href="#t3">FavoritesPage</a></td><td class="num">3</td><td class="num">0</td><td class="num attn">1</td><td class="num">104,685</td><td></td><td></td></tr><tr><td><a href="#t4">Home</a></td><td class="num">6</td><td class="num">0</td><td class="num">0</td><td class="num">41,893</td><td></td><td></td></tr><tr class="stripe"><td><a href="#t5">FindStore</a></td><td class="num">1</td><td class="num">0</td><td class="num">0</td><td class="num">21,919</td><td></td><td></td></tr><tr><td><a href="#t6">ShoppingCard</a></td><td class="num">0</td><td class="num">0</td><td class="num attn">2</td><td class="num">47,607</td><td></td><td></td></tr><tr class="stripe"><td><a href="#t7">Categories</a></td><td class="num">1</td><td class="num">0</td><td class="num attn">1</td><td class="num">68,406</td><td></td><td></td></tr><tr><td><a href="#t8">Navigation</a></td><td class="num">1</td><td class="num">0</td><td class="num attn">1</td><td class="num">29,931</td><td></td><td></td></tr><tr class="stripe"><td><a href="#t9">SearchPage</a></td><td class="num">4</td><td class="num">0</td><td class="num attn">1</td><td class="num">46,346</td><td></td><td></td></tr><tr><th>Total</th><th class="num">23</th><th class="num">0</th><th class="num attn">6</th><th class="num">594,964</th><th colspan="2"></th></tr></table><table><thead><tr><th>Class</th><th>Method</th><th>Start</th><th>Time (ms)</th></tr></thead><tbody><tr><th colspan="4">Suite</th></tr></tbody><tbody id="t0"><tr><th colspan="4">PasswordRecovery &#8212; passed</th></tr><tr class="passedeven"><td rowspan="2">Target.TestTargetPasswordRecoveryPage</td><td><a href="#m0">testFakePasswordRecovery</a></td><td rowspan="1">1618016949375</td><td rowspan="1">9161</td></tr><tr class="passedeven"><td><a href="#m1">testPasswordRecovery</a></td><td rowspan="1">1618016958537</td><td rowspan="1">11342</td></tr></tbody><tbody id="t1"><tr><th colspan="4">Login &#8212; passed</th></tr><tr class="passedeven"><td rowspan="3">Target.TestTargetLogin</td><td><a href="#m2">createAccountWithUsedEmail</a></td><td rowspan="1">1618017006212</td><td rowspan="1">11344</td></tr><tr class="passedeven"><td><a href="#m3">testFakeUserLogin</a></td><td rowspan="1">1618017018410</td><td rowspan="1">7415</td></tr><tr class="passedeven"><td><a href="#m4">testLogin</a></td><td rowspan="1">1618017028612</td><td rowspan="1">87801</td></tr></tbody><tbody id="t2"><tr><th colspan="4">DetailPage &#8212; passed</th></tr><tr class="passedeven"><td rowspan="2">Target.TestTargetDetailPage</td><td><a href="#m5">testDisplayDetailItem</a></td><td rowspan="1">1618017133561</td><td rowspan="1">27466</td></tr><tr class="passedeven"><td><a href="#m6">testNotDetailFoundItem</a></td><td rowspan="1">1618017161027</td><td rowspan="1">6272</td></tr></tbody><tbody id="t3"><tr><th colspan="4">FavoritesPage &#8212; failed</th></tr><tr class="failedeven"><td rowspan="1">Target.TestTargetFavoritePage</td><td><a href="#m7">testFavoriteSaveRemoveDisplay</a></td><td rowspan="1">1618017262732</td><td rowspan="1">9260</td></tr><tr><th colspan="4">FavoritesPage &#8212; passed</th></tr><tr class="passedeven"><td rowspan="3">Target.TestTargetFavoritePage</td><td><a href="#m8">testFavoriteSave</a></td><td rowspan="1">1618017174786</td><td rowspan="1">46090</td></tr><tr class="passedeven"><td><a href="#m9">testFavoriteSaveDisplay</a></td><td rowspan="1">1618017220876</td><td rowspan="1">11310</td></tr><tr class="passedeven"><td><a href="#m10">testFavoriteSaveRemove</a></td><td rowspan="1">1618017232186</td><td rowspan="1">30546</td></tr></tbody><tbody id="t4"><tr><th colspan="4">Home &#8212; passed</th></tr><tr class="passedeven"><td rowspan="6">Target.TestTargetPage</td><td><a href="#m11">invalidZipCode</a></td><td rowspan="1">1618017279798</td><td rowspan="1">3394</td></tr><tr class="passedeven"><td><a href="#m12">logoNavTest</a></td><td rowspan="1">1618017284150</td><td rowspan="1">5835</td></tr><tr class="passedeven"><td><a href="#m13">logoNavTestOnHome</a></td><td rowspan="1">1618017291341</td><td rowspan="1">1997</td></tr><tr class="passedeven"><td><a href="#m14">regressionSearchStores</a></td><td rowspan="1">1618017294123</td><td rowspan="1">11760</td></tr><tr class="passedeven"><td><a href="#m15">regressionUseLocation</a></td><td rowspan="1">1618017306620</td><td rowspan="1">2320</td></tr><tr class="passedeven"><td><a href="#m16">searchLocationByValidZip</a></td><td rowspan="1">1618017309718</td><td rowspan="1">3438</td></tr></tbody><tbody id="t5"><tr><th colspan="4">FindStore &#8212; passed</th></tr><tr class="passedeven"><td rowspan="1">Target.TestFindMyStore</td><td><a href="#m17">smokeTestFilterStore</a></td><td rowspan="1">1618017321802</td><td rowspan="1">14005</td></tr></tbody><tbody id="t6"><tr><th colspan="4">ShoppingCard &#8212; failed</th></tr><tr class="failedeven"><td rowspan="2">Target.TestTargetShoppingCart</td><td><a href="#m18">addItemToCart</a></td><td rowspan="1">1618017343505</td><td rowspan="1">21001</td></tr><tr class="failedeven"><td><a href="#m19">deleteItemfromCart</a></td><td rowspan="1">1618017364507</td><td rowspan="1">18934</td></tr></tbody><tbody id="t7"><tr><th colspan="4">Categories &#8212; failed</th></tr><tr class="failedeven"><td rowspan="1">Target.TestTargetCategories</td><td><a href="#m20">regressionDeliveryFilters</a></td><td rowspan="1">1618017427090</td><td rowspan="1">24742</td></tr><tr><th colspan="4">Categories &#8212; passed</th></tr><tr class="passedeven"><td rowspan="1">Target.TestTargetCategories</td><td><a href="#m21">regressionClothesFilters</a></td><td rowspan="1">1618017393408</td><td rowspan="1">32879</td></tr></tbody><tbody id="t8"><tr><th colspan="4">Navigation &#8212; failed</th></tr><tr class="failedeven"><td rowspan="1">Target.TestTargetMenuNav</td><td><a href="#m22">regressionWhatsNewNav</a></td><td rowspan="1">1618017475575</td><td rowspan="1">6185</td></tr><tr><th colspan="4">Navigation &#8212; passed</th></tr><tr class="passedeven"><td rowspan="1">Target.TestTargetMenuNav</td><td><a href="#m23">regressionDealsNav</a></td><td rowspan="1">1618017460857</td><td rowspan="1">14093</td></tr></tbody><tbody id="t9"><tr><th colspan="4">SearchPage &#8212; failed</th></tr><tr class="failedeven"><td rowspan="1">Target.TestTargetSearchPage</td><td><a href="#m24">testDisplayCategory</a></td><td rowspan="1">1618017492741</td><td rowspan="1">10292</td></tr><tr><th colspan="4">SearchPage &#8212; passed</th></tr><tr class="passedeven"><td rowspan="4">Target.TestTargetSearchPage</td><td><a href="#m25">testCategoryNotFound</a></td><td rowspan="1">1618017489441</td><td rowspan="1">3299</td></tr><tr class="passedeven"><td><a href="#m26">testSearchCategory</a></td><td rowspan="1">1618017503033</td><td rowspan="1">7730</td></tr><tr class="passedeven"><td><a href="#m27">testSearchItem</a></td><td rowspan="1">1618017510763</td><td rowspan="1">6281</td></tr><tr class="passedeven"><td><a href="#m28">testSupportTypoItem</a></td><td rowspan="1">1618017517044</td><td rowspan="1">11116</td></tr></tbody></table><h2>PasswordRecovery</h2><h3 id="m0">Target.TestTargetPasswordRecoveryPage#testFakePasswordRecovery</h3><table class="result"></table><p class="totop"><a href="#summary">back to summary</a></p><h3 id="m1">Target.TestTargetPasswordRecoveryPage#testPasswordRecovery</h3><table class="result"></table><p class="totop"><a href="#summary">back to summary</a></p><h2>Login</h2><h3 id="m2">Target.TestTargetLogin#createAccountWithUsedEmail</h3><table class="result"></table><p class="totop"><a href="#summary">back to summary</a></p><h3 id="m3">Target.TestTargetLogin#testFakeUserLogin</h3><table class="result"></table><p class="totop"><a href="#summary">back to summary</a></p><h3 id="m4">Target.TestTargetLogin#testLogin</h3><table class="result"></table><p class="totop"><a href="#summary">back to summary</a></p><h2>DetailPage</h2><h3 id="m5">Target.TestTargetDetailPage#testDisplayDetailItem</h3><table class="result"></table><p class="totop"><a href="#summary">back to summary</a></p><h3 id="m6">Target.TestTargetDetailPage#testNotDetailFoundItem</h3><table class="result"></table><p class="totop"><a href="#summary">back to summary</a></p><h2>FavoritesPage</h2><h3 id="m7">Target.TestTargetFavoritePage#testFavoriteSaveRemoveDisplay</h3><table class="result"><tr><th>Exception</th></tr><tr><td><div class="stacktrace">java.lang.IndexOutOfBoundsException: Index: 2, Size: 2
	at java.util.ArrayList.rangeCheck(ArrayList.java:659)
	at java.util.ArrayList.get(ArrayList.java:435)
	at Target.TargetFavoritePage.noFavoritesSaved(TargetFavoritePage.java:30)
	at Target.TestTargetFavoritePage.testFavoriteSaveRemoveDisplay(TestTargetFavoritePage.java:49)
	at com.intellij.rt.testng.IDEARemoteTestNG.run(IDEARemoteTestNG.java:66)
	at com.intellij.rt.testng.RemoteTestNGStarter.main(RemoteTestNGStarter.java:109)
... Removed 22 stack frames</div></td></tr></table><p class="totop"><a href="#summary">back to summary</a></p><h3 id="m8">Target.TestTargetFavoritePage#testFavoriteSave</h3><table class="result"></table><p class="totop"><a href="#summary">back to summary</a></p><h3 id="m9">Target.TestTargetFavoritePage#testFavoriteSaveDisplay</h3><table class="result"></table><p class="totop"><a href="#summary">back to summary</a></p><h3 id="m10">Target.TestTargetFavoritePage#testFavoriteSaveRemove</h3><table class="result"></table><p class="totop"><a href="#summary">back to summary</a></p><h2>Home</h2><h3 id="m11">Target.TestTargetPage#invalidZipCode</h3><table class="result"></table><p class="totop"><a href="#summary">back to summary</a></p><h3 id="m12">Target.TestTargetPage#logoNavTest</h3><table class="result"></table><p class="totop"><a href="#summary">back to summary</a></p><h3 id="m13">Target.TestTargetPage#logoNavTestOnHome</h3><table class="result"></table><p class="totop"><a href="#summary">back to summary</a></p><h3 id="m14">Target.TestTargetPage#regressionSearchStores</h3><table class="result"></table><p class="totop"><a href="#summary">back to summary</a></p><h3 id="m15">Target.TestTargetPage#regressionUseLocation</h3><table class="result"></table><p class="totop"><a href="#summary">back to summary</a></p><h3 id="m16">Target.TestTargetPage#searchLocationByValidZip</h3><table class="result"></table><p class="totop"><a href="#summary">back to summary</a></p><h2>FindStore</h2><h3 id="m17">Target.TestFindMyStore#smokeTestFilterStore</h3><table class="result"></table><p class="totop"><a href="#summary">back to summary</a></p><h2>ShoppingCard</h2><h3 id="m18">Target.TestTargetShoppingCart#addItemToCart</h3><table class="result"><tr><th>Exception</th></tr><tr><td><div class="stacktrace">org.openqa.selenium.NoSuchElementException: no such element: Unable to locate element: {&quot;method&quot;:&quot;css selector&quot;,&quot;selector&quot;:&quot;#account&quot;}
  (Session info: chrome=89.0.4389.114)
For documentation on this error, please visit: https://www.seleniumhq.org/exceptions/no_such_element.html
Build info: version: &apos;3.141.59&apos;, revision: &apos;e82be7d358&apos;, time: &apos;2018-11-14T08:17:03&apos;
System info: host: &apos;SOLANOD&apos;, ip: &apos;192.168.0.6&apos;, os.name: &apos;Windows 10&apos;, os.arch: &apos;amd64&apos;, os.version: &apos;10.0&apos;, java.version: &apos;1.8.0_281&apos;
Driver info: org.openqa.selenium.chrome.ChromeDriver
Capabilities {acceptInsecureCerts: false, browserName: chrome, browserVersion: 89.0.4389.114, chrome: {chromedriverVersion: 88.0.4324.96 (68dba2d8a0b14..., userDataDir: C:\Users\dsolano\AppData\Lo...}, goog:chromeOptions: {debuggerAddress: localhost:51020}, javascriptEnabled: true, networkConnectionEnabled: false, pageLoadStrategy: normal, platform: WINDOWS, platformName: WINDOWS, proxy: Proxy(), setWindowRect: true, strictFileInteractability: false, timeouts: {implicit: 0, pageLoad: 300000, script: 30000}, unhandledPromptBehavior: dismiss and notify, webauthn:extension:largeBlob: true, webauthn:virtualAuthenticators: true}
Session ID: 8cc89a0243df8ba896c41e297c421ab6
*** Element info: {Using=id, value=account}
	at org.openqa.selenium.remote.http.W3CHttpResponseCodec.createException(W3CHttpResponseCodec.java:187)
	at org.openqa.selenium.remote.http.W3CHttpResponseCodec.decode(W3CHttpResponseCodec.java:122)
	at org.openqa.selenium.remote.http.W3CHttpResponseCodec.decode(W3CHttpResponseCodec.java:49)
	at org.openqa.selenium.remote.HttpCommandExecutor.execute(HttpCommandExecutor.java:158)
	at org.openqa.selenium.remote.service.DriverCommandExecutor.execute(DriverCommandExecutor.java:83)
	at org.openqa.selenium.remote.RemoteWebDriver.execute(RemoteWebDriver.java:552)
	at org.openqa.selenium.remote.RemoteWebDriver.findElement(RemoteWebDriver.java:323)
	at org.openqa.selenium.remote.RemoteWebDriver.findElementById(RemoteWebDriver.java:372)
	at org.openqa.selenium.By$ById.findElement(By.java:188)
	at org.openqa.selenium.remote.RemoteWebDriver.findElement(RemoteWebDriver.java:315)
	at Target.BasePage.click(BasePage.java:19)
	at Target.TargetLoginPage.navigate(TargetLoginPage.java:25)
	at Target.TargetLoginPage.login(TargetLoginPage.java:45)
	at Target.TestTargetShoppingCart.addItemToCart(TestTargetShoppingCart.java:26)
	at com.intellij.rt.testng.IDEARemoteTestNG.run(IDEARemoteTestNG.java:66)
	at com.intellij.rt.testng.RemoteTestNGStarter.main(RemoteTestNGStarter.java:109)
... Removed 26 stack frames</div></td></tr></table><p class="totop"><a href="#summary">back to summary</a></p><h3 id="m19">Target.TestTargetShoppingCart#deleteItemfromCart</h3><table class="result"><tr><th>Exception</th></tr><tr><td><div class="stacktrace">org.openqa.selenium.NoSuchElementException: no such element: Unable to locate element: {&quot;method&quot;:&quot;xpath&quot;,&quot;selector&quot;:&quot;//*[@data-test=&apos;cartItem-deleteBtn&apos;]&quot;}
  (Session info: chrome=89.0.4389.114)
For documentation on this error, please visit: https://www.seleniumhq.org/exceptions/no_such_element.html
Build info: version: &apos;3.141.59&apos;, revision: &apos;e82be7d358&apos;, time: &apos;2018-11-14T08:17:03&apos;
System info: host: &apos;SOLANOD&apos;, ip: &apos;192.168.0.6&apos;, os.name: &apos;Windows 10&apos;, os.arch: &apos;amd64&apos;, os.version: &apos;10.0&apos;, java.version: &apos;1.8.0_281&apos;
Driver info: org.openqa.selenium.chrome.ChromeDriver
Capabilities {acceptInsecureCerts: false, browserName: chrome, browserVersion: 89.0.4389.114, chrome: {chromedriverVersion: 88.0.4324.96 (68dba2d8a0b14..., userDataDir: C:\Users\dsolano\AppData\Lo...}, goog:chromeOptions: {debuggerAddress: localhost:51020}, javascriptEnabled: true, networkConnectionEnabled: false, pageLoadStrategy: normal, platform: WINDOWS, platformName: WINDOWS, proxy: Proxy(), setWindowRect: true, strictFileInteractability: false, timeouts: {implicit: 0, pageLoad: 300000, script: 30000}, unhandledPromptBehavior: dismiss and notify, webauthn:extension:largeBlob: true, webauthn:virtualAuthenticators: true}
Session ID: 8cc89a0243df8ba896c41e297c421ab6
*** Element info: {Using=xpath, value=//*[@data-test=&apos;cartItem-deleteBtn&apos;]}
	at org.openqa.selenium.remote.http.W3CHttpResponseCodec.createException(W3CHttpResponseCodec.java:187)
	at org.openqa.selenium.remote.http.W3CHttpResponseCodec.decode(W3CHttpResponseCodec.java:122)
	at org.openqa.selenium.remote.http.W3CHttpResponseCodec.decode(W3CHttpResponseCodec.java:49)
	at org.openqa.selenium.remote.HttpCommandExecutor.execute(HttpCommandExecutor.java:158)
	at org.openqa.selenium.remote.service.DriverCommandExecutor.execute(DriverCommandExecutor.java:83)
	at org.openqa.selenium.remote.RemoteWebDriver.execute(RemoteWebDriver.java:552)
	at org.openqa.selenium.remote.RemoteWebDriver.findElement(RemoteWebDriver.java:323)
	at org.openqa.selenium.remote.RemoteWebDriver.findElementByXPath(RemoteWebDriver.java:428)
	at org.openqa.selenium.By$ByXPath.findElement(By.java:353)
	at org.openqa.selenium.remote.RemoteWebDriver.findElement(RemoteWebDriver.java:315)
	at Target.BasePage.click(BasePage.java:19)
	at Target.TargetShoppingCart.deleteItemFromCart(TargetShoppingCart.java:28)
	at Target.TestTargetShoppingCart.deleteItemfromCart(TestTargetShoppingCart.java:37)
	at com.intellij.rt.testng.IDEARemoteTestNG.run(IDEARemoteTestNG.java:66)
	at com.intellij.rt.testng.RemoteTestNGStarter.main(RemoteTestNGStarter.java:109)
... Removed 26 stack frames</div></td></tr></table><p class="totop"><a href="#summary">back to summary</a></p><h2>Categories</h2><h3 id="m20">Target.TestTargetCategories#regressionDeliveryFilters</h3><table class="result"><tr><th>Exception</th></tr><tr><td><div class="stacktrace">org.openqa.selenium.NoSuchElementException: no such element: Unable to locate element: {&quot;method&quot;:&quot;xpath&quot;,&quot;selector&quot;:&quot;//*[@for=&apos;Check me!&apos;]&quot;}
  (Session info: chrome=89.0.4389.114)
For documentation on this error, please visit: https://www.seleniumhq.org/exceptions/no_such_element.html
Build info: version: &apos;3.141.59&apos;, revision: &apos;e82be7d358&apos;, time: &apos;2018-11-14T08:17:03&apos;
System info: host: &apos;SOLANOD&apos;, ip: &apos;192.168.0.6&apos;, os.name: &apos;Windows 10&apos;, os.arch: &apos;amd64&apos;, os.version: &apos;10.0&apos;, java.version: &apos;1.8.0_281&apos;
Driver info: org.openqa.selenium.chrome.ChromeDriver
Capabilities {acceptInsecureCerts: false, browserName: chrome, browserVersion: 89.0.4389.114, chrome: {chromedriverVersion: 88.0.4324.96 (68dba2d8a0b14..., userDataDir: C:\Users\dsolano\AppData\Lo...}, goog:chromeOptions: {debuggerAddress: localhost:51192}, javascriptEnabled: true, networkConnectionEnabled: false, pageLoadStrategy: normal, platform: WINDOWS, platformName: WINDOWS, proxy: Proxy(), setWindowRect: true, strictFileInteractability: false, timeouts: {implicit: 0, pageLoad: 300000, script: 30000}, unhandledPromptBehavior: dismiss and notify, webauthn:extension:largeBlob: true, webauthn:virtualAuthenticators: true}
Session ID: 083489ada9960c9b1122b366398b17e4
*** Element info: {Using=xpath, value=//*[@for=&apos;Check me!&apos;]}
	at org.openqa.selenium.remote.http.W3CHttpResponseCodec.createException(W3CHttpResponseCodec.java:187)
	at org.openqa.selenium.remote.http.W3CHttpResponseCodec.decode(W3CHttpResponseCodec.java:122)
	at org.openqa.selenium.remote.http.W3CHttpResponseCodec.decode(W3CHttpResponseCodec.java:49)
	at org.openqa.selenium.remote.HttpCommandExecutor.execute(HttpCommandExecutor.java:158)
	at org.openqa.selenium.remote.service.DriverCommandExecutor.execute(DriverCommandExecutor.java:83)
	at org.openqa.selenium.remote.RemoteWebDriver.execute(RemoteWebDriver.java:552)
	at org.openqa.selenium.remote.RemoteWebDriver.findElement(RemoteWebDriver.java:323)
	at org.openqa.selenium.remote.RemoteWebDriver.findElementByXPath(RemoteWebDriver.java:428)
	at org.openqa.selenium.By$ByXPath.findElement(By.java:353)
	at org.openqa.selenium.remote.RemoteWebDriver.findElement(RemoteWebDriver.java:315)
	at Target.BasePage.scrollTo(BasePage.java:23)
	at Target.TargetCategories.clickFilter(TargetCategories.java:14)
	at Target.TestTargetCategories.regressionDeliveryFilters(TestTargetCategories.java:41)
	at com.intellij.rt.testng.IDEARemoteTestNG.run(IDEARemoteTestNG.java:66)
	at com.intellij.rt.testng.RemoteTestNGStarter.main(RemoteTestNGStarter.java:109)
... Removed 26 stack frames</div></td></tr></table><p class="totop"><a href="#summary">back to summary</a></p><h3 id="m21">Target.TestTargetCategories#regressionClothesFilters</h3><table class="result"></table><p class="totop"><a href="#summary">back to summary</a></p><h2>Navigation</h2><h3 id="m22">Target.TestTargetMenuNav#regressionWhatsNewNav</h3><table class="result"><tr><th>Exception</th></tr><tr><td><div class="stacktrace">java.lang.AssertionError: expected [true] but found [false]
	at Target.TestTargetMenuNav.regressionWhatsNewNav(TestTargetMenuNav.java:55)
	at com.intellij.rt.testng.IDEARemoteTestNG.run(IDEARemoteTestNG.java:66)
	at com.intellij.rt.testng.RemoteTestNGStarter.main(RemoteTestNGStarter.java:109)
... Removed 26 stack frames</div></td></tr></table><p class="totop"><a href="#summary">back to summary</a></p><h3 id="m23">Target.TestTargetMenuNav#regressionDealsNav</h3><table class="result"></table><p class="totop"><a href="#summary">back to summary</a></p><h2>SearchPage</h2><h3 id="m24">Target.TestTargetSearchPage#testDisplayCategory</h3><table class="result"><tr><th>Exception</th></tr><tr><td><div class="stacktrace">java.lang.AssertionError: expected [true] but found [false]
	at Target.TestTargetSearchPage.testDisplayCategory(TestTargetSearchPage.java:20)
	at com.intellij.rt.testng.IDEARemoteTestNG.run(IDEARemoteTestNG.java:66)
	at com.intellij.rt.testng.RemoteTestNGStarter.main(RemoteTestNGStarter.java:109)
... Removed 26 stack frames</div></td></tr></table><p class="totop"><a href="#summary">back to summary</a></p><h3 id="m25">Target.TestTargetSearchPage#testCategoryNotFound</h3><table class="result"></table><p class="totop"><a href="#summary">back to summary</a></p><h3 id="m26">Target.TestTargetSearchPage#testSearchCategory</h3><table class="result"></table><p class="totop"><a href="#summary">back to summary</a></p><h3 id="m27">Target.TestTargetSearchPage#testSearchItem</h3><table class="result"></table><p class="totop"><a href="#summary">back to summary</a></p><h3 id="m28">Target.TestTargetSearchPage#testSupportTypoItem</h3><table class="result"></table><p class="totop"><a href="#summary">back to summary</a></p></body></html>