<?xml version="1.0" encoding="UTF-8"?>
<testng-results skipped="0" failed="6" total="29" passed="23">
  <reporter-output>
  </reporter-output>
  <suite name="Suite" duration-ms="595042" started-at="2021-04-10T01:08:53Z" finished-at="2021-04-10T01:18:48Z">
    <groups>
    </groups>
    <test name="PasswordRecovery" duration-ms="36795" started-at="2021-04-10T01:08:53Z" finished-at="2021-04-10T01:09:30Z">
      <class name="Target.TestTargetPasswordRecoveryPage">
        <test-method status="PASS" signature="TestSetUp(java.lang.String, java.lang.String)[pri:0, instance:Target.TestTargetPasswordRecoveryPage@6e3c1e69]" name="TestSetUp" is-config="true" duration-ms="15593" started-at="2021-04-09T19:08:53Z" finished-at="2021-04-09T19:09:09Z">
          <params>
            <param index="0">
              <value>
                <![CDATA[Chrome]]>
              </value>
            </param>
            <param index="1">
              <value>
                <![CDATA[https://www.target.com/]]>
              </value>
            </param>
          </params>
          <reporter-output>
          </reporter-output>
        </test-method> <!-- TestSetUp -->
        <test-method status="PASS" signature="methodLevelSetUp()[pri:0, instance:Target.TestTargetPasswordRecoveryPage@6e3c1e69]" name="methodLevelSetUp" is-config="true" duration-ms="6" started-at="2021-04-09T19:09:09Z" finished-at="2021-04-09T19:09:09Z">
          <reporter-output>
          </reporter-output>
        </test-method> <!-- methodLevelSetUp -->
        <test-method status="PASS" signature="testFakePasswordRecovery()[pri:0, instance:Target.TestTargetPasswordRecoveryPage@6e3c1e69]" name="testFakePasswordRecovery" duration-ms="9161" started-at="2021-04-09T19:09:09Z" finished-at="2021-04-09T19:09:18Z">
          <reporter-output>
          </reporter-output>
        </test-method> <!-- testFakePasswordRecovery -->
        <test-method status="PASS" signature="methodLevelSetUp()[pri:0, instance:Target.TestTargetPasswordRecoveryPage@6e3c1e69]" name="methodLevelSetUp" is-config="true" duration-ms="0" started-at="2021-04-09T19:09:18Z" finished-at="2021-04-09T19:09:18Z">
          <reporter-output>
          </reporter-output>
        </test-method> <!-- methodLevelSetUp -->
        <test-method status="PASS" signature="testPasswordRecovery()[pri:0, instance:Target.TestTargetPasswordRecoveryPage@6e3c1e69]" name="testPasswordRecovery" duration-ms="11342" started-at="2021-04-09T19:09:18Z" finished-at="2021-04-09T19:09:29Z">
          <reporter-output>
          </reporter-output>
        </test-method> <!-- testPasswordRecovery -->
        <test-method status="PASS" signature="teardown()[pri:0, instance:Target.TestTargetPasswordRecoveryPage@6e3c1e69]" name="teardown" is-config="true" duration-ms="677" started-at="2021-04-09T19:09:29Z" finished-at="2021-04-09T19:09:30Z">
          <reporter-output>
          </reporter-output>
        </test-method> <!-- teardown -->
      </class> <!-- Target.TestTargetPasswordRecoveryPage -->
    </test> <!-- PasswordRecovery -->
    <test name="Login" duration-ms="146488" started-at="2021-04-10T01:09:30Z" finished-at="2021-04-10T01:11:57Z">
      <class name="Target.TestTargetLogin">
        <test-method status="PASS" signature="TestSetUp(java.lang.String, java.lang.String)[pri:0, instance:Target.TestTargetLogin@4cdbe50f]" name="TestSetUp" is-config="true" duration-ms="33366" started-at="2021-04-09T19:09:30Z" finished-at="2021-04-09T19:10:03Z">
          <params>
            <param index="0">
              <value>
                <![CDATA[Chrome]]>
              </value>
            </param>
            <param index="1">
              <value>
                <![CDATA[https://www.target.com/]]>
              </value>
            </param>
          </params>
          <reporter-output>
          </reporter-output>
        </test-method> <!-- TestSetUp -->
        <test-method status="PASS" signature="methodLevelSetUp()[pri:0, instance:Target.TestTargetLogin@4cdbe50f]" name="methodLevelSetUp" is-config="true" duration-ms="2274" started-at="2021-04-09T19:10:03Z" finished-at="2021-04-09T19:10:06Z">
          <reporter-output>
          </reporter-output>
        </test-method> <!-- methodLevelSetUp -->
        <test-method status="PASS" signature="createAccountWithUsedEmail()[pri:0, instance:Target.TestTargetLogin@4cdbe50f]" name="createAccountWithUsedEmail" duration-ms="11344" started-at="2021-04-09T19:10:06Z" finished-at="2021-04-09T19:10:17Z">
          <reporter-output>
          </reporter-output>
        </test-method> <!-- createAccountWithUsedEmail -->
        <test-method status="PASS" signature="methodLevelSetUp()[pri:0, instance:Target.TestTargetLogin@4cdbe50f]" name="methodLevelSetUp" is-config="true" duration-ms="853" started-at="2021-04-09T19:10:17Z" finished-at="2021-04-09T19:10:18Z">
          <reporter-output>
          </reporter-output>
        </test-method> <!-- methodLevelSetUp -->
        <test-method status="PASS" signature="testFakeUserLogin()[pri:0, instance:Target.TestTargetLogin@4cdbe50f]" name="testFakeUserLogin" duration-ms="7415" started-at="2021-04-09T19:10:18Z" finished-at="2021-04-09T19:10:25Z">
          <reporter-output>
          </reporter-output>
        </test-method> <!-- testFakeUserLogin -->
        <test-method status="PASS" signature="methodLevelSetUp()[pri:0, instance:Target.TestTargetLogin@4cdbe50f]" name="methodLevelSetUp" is-config="true" duration-ms="2785" started-at="2021-04-09T19:10:25Z" finished-at="2021-04-09T19:10:28Z">
          <reporter-output>
          </reporter-output>
        </test-method> <!-- methodLevelSetUp -->
        <test-method status="PASS" signature="testLogin()[pri:0, instance:Target.TestTargetLogin@4cdbe50f]" name="testLogin" duration-ms="87801" started-at="2021-04-09T19:10:28Z" finished-at="2021-04-09T19:11:56Z">
          <reporter-output>
          </reporter-output>
        </test-method> <!-- testLogin -->
        <test-method status="PASS" signature="teardown()[pri:0, instance:Target.TestTargetLogin@4cdbe50f]" name="teardown" is-config="true" duration-ms="646" started-at="2021-04-09T19:11:56Z" finished-at="2021-04-09T19:11:57Z">
          <reporter-output>
          </reporter-output>
        </test-method> <!-- teardown -->
      </class> <!-- Target.TestTargetLogin -->
    </test> <!-- Login -->
    <test name="DetailPage" duration-ms="50894" started-at="2021-04-10T01:11:57Z" finished-at="2021-04-10T01:12:47Z">
      <class name="Target.TestTargetDetailPage">
        <test-method status="PASS" signature="TestSetUp(java.lang.String, java.lang.String)[pri:0, instance:Target.TestTargetDetailPage@c818063]" name="TestSetUp" is-config="true" duration-ms="16490" started-at="2021-04-09T19:11:57Z" finished-at="2021-04-09T19:12:13Z">
          <params>
            <param index="0">
              <value>
                <![CDATA[Chrome]]>
              </value>
            </param>
            <param index="1">
              <value>
                <![CDATA[https://www.target.com/]]>
              </value>
            </param>
          </params>
          <reporter-output>
          </reporter-output>
        </test-method> <!-- TestSetUp -->
        <test-method status="PASS" signature="methodLevelSetUp()[pri:0, instance:Target.TestTargetDetailPage@c818063]" name="methodLevelSetUp" is-config="true" duration-ms="7" started-at="2021-04-09T19:12:13Z" finished-at="2021-04-09T19:12:13Z">
          <reporter-output>
          </reporter-output>
        </test-method> <!-- methodLevelSetUp -->
        <test-method status="PASS" signature="testDisplayDetailItem()[pri:0, instance:Target.TestTargetDetailPage@c818063]" name="testDisplayDetailItem" duration-ms="27466" started-at="2021-04-09T19:12:13Z" finished-at="2021-04-09T19:12:41Z">
          <reporter-output>
          </reporter-output>
        </test-method> <!-- testDisplayDetailItem -->
        <test-method status="PASS" signature="methodLevelSetUp()[pri:0, instance:Target.TestTargetDetailPage@c818063]" name="methodLevelSetUp" is-config="true" duration-ms="0" started-at="2021-04-09T19:12:41Z" finished-at="2021-04-09T19:12:41Z">
          <reporter-output>
          </reporter-output>
        </test-method> <!-- methodLevelSetUp -->
        <test-method status="PASS" signature="testNotDetailFoundItem()[pri:0, instance:Target.TestTargetDetailPage@c818063]" name="testNotDetailFoundItem" duration-ms="6272" started-at="2021-04-09T19:12:41Z" finished-at="2021-04-09T19:12:47Z">
          <reporter-output>
          </reporter-output>
        </test-method> <!-- testNotDetailFoundItem -->
        <test-method status="PASS" signature="teardown()[pri:0, instance:Target.TestTargetDetailPage@c818063]" name="teardown" is-config="true" duration-ms="657" started-at="2021-04-09T19:12:47Z" finished-at="2021-04-09T19:12:47Z">
          <reporter-output>
          </reporter-output>
        </test-method> <!-- teardown -->
      </class> <!-- Target.TestTargetDetailPage -->
    </test> <!-- DetailPage -->
    <test name="FavoritesPage" duration-ms="104685" started-at="2021-04-10T01:12:47Z" finished-at="2021-04-10T01:14:32Z">
      <class name="Target.TestTargetFavoritePage">
        <test-method status="PASS" signature="TestSetUp(java.lang.String, java.lang.String)[pri:0, instance:Target.TestTargetFavoritePage@3cb5cdba]" name="TestSetUp" is-config="true" duration-ms="6808" started-at="2021-04-09T19:12:47Z" finished-at="2021-04-09T19:12:54Z">
          <params>
            <param index="0">
              <value>
                <![CDATA[Chrome]]>
              </value>
            </param>
            <param index="1">
              <value>
                <![CDATA[https://www.target.com/]]>
              </value>
            </param>
          </params>
          <reporter-output>
          </reporter-output>
        </test-method> <!-- TestSetUp -->
        <test-method status="PASS" signature="methodLevelSetUp()[pri:0, instance:Target.TestTargetFavoritePage@3cb5cdba]" name="methodLevelSetUp" is-config="true" duration-ms="4" started-at="2021-04-09T19:12:54Z" finished-at="2021-04-09T19:12:54Z">
          <reporter-output>
          </reporter-output>
        </test-method> <!-- methodLevelSetUp -->
        <test-method status="PASS" signature="testFavoriteSave()[pri:0, instance:Target.TestTargetFavoritePage@3cb5cdba]" name="testFavoriteSave" duration-ms="46090" started-at="2021-04-09T19:12:54Z" finished-at="2021-04-09T19:13:40Z">
          <reporter-output>
          </reporter-output>
        </test-method> <!-- testFavoriteSave -->
        <test-method status="PASS" signature="testFavoriteSaveDisplay()[pri:0, instance:Target.TestTargetFavoritePage@3cb5cdba]" name="testFavoriteSaveDisplay" duration-ms="11310" started-at="2021-04-09T19:13:40Z" finished-at="2021-04-09T19:13:52Z">
          <reporter-output>
          </reporter-output>
        </test-method> <!-- testFavoriteSaveDisplay -->
        <test-method status="PASS" signature="methodLevelSetUp()[pri:0, instance:Target.TestTargetFavoritePage@3cb5cdba]" name="methodLevelSetUp" is-config="true" duration-ms="0" started-at="2021-04-09T19:13:40Z" finished-at="2021-04-09T19:13:40Z">
          <reporter-output>
          </reporter-output>
        </test-method> <!-- methodLevelSetUp -->
        <test-method status="PASS" signature="methodLevelSetUp()[pri:0, instance:Target.TestTargetFavoritePage@3cb5cdba]" name="methodLevelSetUp" is-config="true" duration-ms="0" started-at="2021-04-09T19:13:52Z" finished-at="2021-04-09T19:13:52Z">
          <reporter-output>
          </reporter-output>
        </test-method> <!-- methodLevelSetUp -->
        <test-method status="PASS" signature="testFavoriteSaveRemove()[pri:0, instance:Target.TestTargetFavoritePage@3cb5cdba]" name="testFavoriteSaveRemove" duration-ms="30546" started-at="2021-04-09T19:13:52Z" finished-at="2021-04-09T19:14:22Z">
          <reporter-output>
          </reporter-output>
        </test-method> <!-- testFavoriteSaveRemove -->
        <test-method status="FAIL" signature="testFavoriteSaveRemoveDisplay()[pri:0, instance:Target.TestTargetFavoritePage@3cb5cdba]" name="testFavoriteSaveRemoveDisplay" duration-ms="9260" started-at="2021-04-09T19:14:22Z" finished-at="2021-04-09T19:14:31Z">
          <exception class="java.lang.IndexOutOfBoundsException">
            <message>
              <![CDATA[Index: 2, Size: 2]]>
            </message>
            <full-stacktrace>
              <![CDATA[java.lang.IndexOutOfBoundsException: Index: 2, Size: 2
	at java.util.ArrayList.rangeCheck(ArrayList.java:659)
	at java.util.ArrayList.get(ArrayList.java:435)
	at Target.TargetFavoritePage.noFavoritesSaved(TargetFavoritePage.java:30)
	at Target.TestTargetFavoritePage.testFavoriteSaveRemoveDisplay(TestTargetFavoritePage.java:49)
	at sun.reflect.NativeMethodAccessorImpl.invoke0(Native Method)
	at sun.reflect.NativeMethodAccessorImpl.invoke(NativeMethodAccessorImpl.java:62)
	at sun.reflect.DelegatingMethodAccessorImpl.invoke(DelegatingMethodAccessorImpl.java:43)
	at java.lang.reflect.Method.invoke(Method.java:498)
	at org.testng.internal.MethodInvocationHelper.invokeMethod(MethodInvocationHelper.java:100)
	at org.testng.internal.Invoker.invokeMethod(Invoker.java:646)
	at org.testng.internal.Invoker.invokeTestMethod(Invoker.java:811)
	at org.testng.internal.Invoker.invokeTestMethods(Invoker.java:1137)
	at org.testng.internal.TestMethodWorker.invokeTestMethods(TestMethodWorker.java:129)
	at org.testng.internal.TestMethodWorker.run(TestMethodWorker.java:112)
	at org.testng.TestRunner.privateRun(TestRunner.java:753)
	at org.testng.TestRunner.run(TestRunner.java:607)
	at org.testng.SuiteRunner.runTest(SuiteRunner.java:368)
	at org.testng.SuiteRunner.runSequentially(SuiteRunner.java:363)
	at org.testng.SuiteRunner.privateRun(SuiteRunner.java:321)
	at org.testng.SuiteRunner.run(SuiteRunner.java:270)
	at org.testng.SuiteRunnerWorker.runSuite(SuiteRunnerWorker.java:52)
	at org.testng.SuiteRunnerWorker.run(SuiteRunnerWorker.java:86)
	at org.testng.TestNG.runSuitesSequentially(TestNG.java:1284)
	at org.testng.TestNG.runSuitesLocally(TestNG.java:1209)
	at org.testng.TestNG.runSuites(TestNG.java:1124)
	at org.testng.TestNG.run(TestNG.java:1096)
	at com.intellij.rt.testng.IDEARemoteTestNG.run(IDEARemoteTestNG.java:66)
	at com.intellij.rt.testng.RemoteTestNGStarter.main(RemoteTestNGStarter.java:109)
]]>
            </full-stacktrace>
          </exception> <!-- java.lang.IndexOutOfBoundsException -->
          <reporter-output>
          </reporter-output>
        </test-method> <!-- testFavoriteSaveRemoveDisplay -->
        <test-method status="PASS" signature="methodLevelSetUp()[pri:0, instance:Target.TestTargetFavoritePage@3cb5cdba]" name="methodLevelSetUp" is-config="true" duration-ms="0" started-at="2021-04-09T19:14:22Z" finished-at="2021-04-09T19:14:22Z">
          <reporter-output>
          </reporter-output>
        </test-method> <!-- methodLevelSetUp -->
        <test-method status="PASS" signature="teardown()[pri:0, instance:Target.TestTargetFavoritePage@3cb5cdba]" name="teardown" is-config="true" duration-ms="660" started-at="2021-04-09T19:14:31Z" finished-at="2021-04-09T19:14:32Z">
          <reporter-output>
          </reporter-output>
        </test-method> <!-- teardown -->
      </class> <!-- Target.TestTargetFavoritePage -->
    </test> <!-- FavoritesPage -->
    <test name="Home" duration-ms="41893" started-at="2021-04-10T01:14:32Z" finished-at="2021-04-10T01:15:14Z">
      <class name="Target.TestTargetPage">
        <test-method status="PASS" signature="TestSetUp(java.lang.String, java.lang.String)[pri:0, instance:Target.TestTargetPage@880ec60]" name="TestSetUp" is-config="true" duration-ms="7127" started-at="2021-04-09T19:14:32Z" finished-at="2021-04-09T19:14:39Z">
          <params>
            <param index="0">
              <value>
                <![CDATA[Chrome]]>
              </value>
            </param>
            <param index="1">
              <value>
                <![CDATA[https://www.target.com/]]>
              </value>
            </param>
          </params>
          <reporter-output>
          </reporter-output>
        </test-method> <!-- TestSetUp -->
        <test-method status="PASS" signature="methodLevelSetUp()[pri:0, instance:Target.TestTargetPage@880ec60]" name="methodLevelSetUp" is-config="true" duration-ms="2" started-at="2021-04-09T19:14:39Z" finished-at="2021-04-09T19:14:39Z">
          <reporter-output>
          </reporter-output>
        </test-method> <!-- methodLevelSetUp -->
        <test-method status="PASS" signature="invalidZipCode()[pri:0, instance:Target.TestTargetPage@880ec60]" name="invalidZipCode" duration-ms="3394" started-at="2021-04-09T19:14:39Z" finished-at="2021-04-09T19:14:43Z">
          <reporter-output>
          </reporter-output>
        </test-method> <!-- invalidZipCode -->
        <test-method status="PASS" signature="resetTest()[pri:0, instance:Target.TestTargetPage@880ec60]" name="resetTest" is-config="true" duration-ms="957" started-at="2021-04-09T19:14:43Z" finished-at="2021-04-09T19:14:44Z">
          <reporter-output>
          </reporter-output>
        </test-method> <!-- resetTest -->
        <test-method status="PASS" signature="logoNavTest()[pri:0, instance:Target.TestTargetPage@880ec60]" name="logoNavTest" duration-ms="5835" started-at="2021-04-09T19:14:44Z" finished-at="2021-04-09T19:14:49Z">
          <reporter-output>
          </reporter-output>
        </test-method> <!-- logoNavTest -->
        <test-method status="PASS" signature="methodLevelSetUp()[pri:0, instance:Target.TestTargetPage@880ec60]" name="methodLevelSetUp" is-config="true" duration-ms="0" started-at="2021-04-09T19:14:44Z" finished-at="2021-04-09T19:14:44Z">
          <reporter-output>
          </reporter-output>
        </test-method> <!-- methodLevelSetUp -->
        <test-method status="PASS" signature="resetTest()[pri:0, instance:Target.TestTargetPage@880ec60]" name="resetTest" is-config="true" duration-ms="1355" started-at="2021-04-09T19:14:49Z" finished-at="2021-04-09T19:14:51Z">
          <reporter-output>
          </reporter-output>
        </test-method> <!-- resetTest -->
        <test-method status="PASS" signature="logoNavTestOnHome()[pri:0, instance:Target.TestTargetPage@880ec60]" name="logoNavTestOnHome" duration-ms="1997" started-at="2021-04-09T19:14:51Z" finished-at="2021-04-09T19:14:53Z">
          <reporter-output>
          </reporter-output>
        </test-method> <!-- logoNavTestOnHome -->
        <test-method status="PASS" signature="methodLevelSetUp()[pri:0, instance:Target.TestTargetPage@880ec60]" name="methodLevelSetUp" is-config="true" duration-ms="0" started-at="2021-04-09T19:14:51Z" finished-at="2021-04-09T19:14:51Z">
          <reporter-output>
          </reporter-output>
        </test-method> <!-- methodLevelSetUp -->
        <test-method status="PASS" signature="resetTest()[pri:0, instance:Target.TestTargetPage@880ec60]" name="resetTest" is-config="true" duration-ms="783" started-at="2021-04-09T19:14:53Z" finished-at="2021-04-09T19:14:54Z">
          <reporter-output>
          </reporter-output>
        </test-method> <!-- resetTest -->
        <test-method status="PASS" signature="regressionSearchStores()[pri:0, instance:Target.TestTargetPage@880ec60]" name="regressionSearchStores" duration-ms="11760" started-at="2021-04-09T19:14:54Z" finished-at="2021-04-09T19:15:05Z">
          <reporter-output>
          </reporter-output>
        </test-method> <!-- regressionSearchStores -->
        <test-method status="PASS" signature="methodLevelSetUp()[pri:0, instance:Target.TestTargetPage@880ec60]" name="methodLevelSetUp" is-config="true" duration-ms="0" started-at="2021-04-09T19:14:54Z" finished-at="2021-04-09T19:14:54Z">
          <reporter-output>
          </reporter-output>
        </test-method> <!-- methodLevelSetUp -->
        <test-method status="PASS" signature="resetTest()[pri:0, instance:Target.TestTargetPage@880ec60]" name="resetTest" is-config="true" duration-ms="737" started-at="2021-04-09T19:15:05Z" finished-at="2021-04-09T19:15:06Z">
          <reporter-output>
          </reporter-output>
        </test-method> <!-- resetTest -->
        <test-method status="PASS" signature="regressionUseLocation()[pri:0, instance:Target.TestTargetPage@880ec60]" name="regressionUseLocation" duration-ms="2320" started-at="2021-04-09T19:15:06Z" finished-at="2021-04-09T19:15:08Z">
          <reporter-output>
          </reporter-output>
        </test-method> <!-- regressionUseLocation -->
        <test-method status="PASS" signature="methodLevelSetUp()[pri:0, instance:Target.TestTargetPage@880ec60]" name="methodLevelSetUp" is-config="true" duration-ms="0" started-at="2021-04-09T19:15:06Z" finished-at="2021-04-09T19:15:06Z">
          <reporter-output>
          </reporter-output>
        </test-method> <!-- methodLevelSetUp -->
        <test-method status="PASS" signature="resetTest()[pri:0, instance:Target.TestTargetPage@880ec60]" name="resetTest" is-config="true" duration-ms="778" started-at="2021-04-09T19:15:08Z" finished-at="2021-04-09T19:15:09Z">
          <reporter-output>
          </reporter-output>
        </test-method> <!-- resetTest -->
        <test-method status="PASS" signature="searchLocationByValidZip()[pri:0, instance:Target.TestTargetPage@880ec60]" name="searchLocationByValidZip" duration-ms="3438" started-at="2021-04-09T19:15:09Z" finished-at="2021-04-09T19:15:13Z">
          <reporter-output>
          </reporter-output>
        </test-method> <!-- searchLocationByValidZip -->
        <test-method status="PASS" signature="methodLevelSetUp()[pri:0, instance:Target.TestTargetPage@880ec60]" name="methodLevelSetUp" is-config="true" duration-ms="0" started-at="2021-04-09T19:15:09Z" finished-at="2021-04-09T19:15:09Z">
          <reporter-output>
          </reporter-output>
        </test-method> <!-- methodLevelSetUp -->
        <test-method status="PASS" signature="resetTest()[pri:0, instance:Target.TestTargetPage@880ec60]" name="resetTest" is-config="true" duration-ms="740" started-at="2021-04-09T19:15:13Z" finished-at="2021-04-09T19:15:13Z">
          <reporter-output>
          </reporter-output>
        </test-method> <!-- resetTest -->
        <test-method status="PASS" signature="teardown()[pri:0, instance:Target.TestTargetPage@880ec60]" name="teardown" is-config="true" duration-ms="665" started-at="2021-04-09T19:15:13Z" finished-at="2021-04-09T19:15:14Z">
          <reporter-output>
          </reporter-output>
        </test-method> <!-- teardown -->
      </class> <!-- Target.TestTargetPage -->
    </test> <!-- Home -->
    <test name="FindStore" duration-ms="21919" started-at="2021-04-10T01:15:14Z" finished-at="2021-04-10T01:15:36Z">
      <class name="Target.TestFindMyStore">
        <test-method status="PASS" signature="TestSetUp(java.lang.String, java.lang.String)[pri:0, instance:Target.TestFindMyStore@30c7da1e]" name="TestSetUp" is-config="true" duration-ms="6493" started-at="2021-04-09T19:15:14Z" finished-at="2021-04-09T19:15:21Z">
          <params>
            <param index="0">
              <value>
                <![CDATA[Chrome]]>
              </value>
            </param>
            <param index="1">
              <value>
                <![CDATA[https://www.target.com/]]>
              </value>
            </param>
          </params>
          <reporter-output>
          </reporter-output>
        </test-method> <!-- TestSetUp -->
        <test-method status="PASS" signature="methodLevelSetUp()[pri:0, instance:Target.TestFindMyStore@30c7da1e]" name="methodLevelSetUp" is-config="true" duration-ms="743" started-at="2021-04-09T19:15:21Z" finished-at="2021-04-09T19:15:21Z">
          <reporter-output>
          </reporter-output>
        </test-method> <!-- methodLevelSetUp -->
        <test-method status="PASS" signature="smokeTestFilterStore()[pri:0, instance:Target.TestFindMyStore@30c7da1e]" name="smokeTestFilterStore" duration-ms="14005" started-at="2021-04-09T19:15:21Z" finished-at="2021-04-09T19:15:35Z">
          <reporter-output>
          </reporter-output>
        </test-method> <!-- smokeTestFilterStore -->
        <test-method status="PASS" signature="teardown()[pri:0, instance:Target.TestFindMyStore@30c7da1e]" name="teardown" is-config="true" duration-ms="678" started-at="2021-04-09T19:15:35Z" finished-at="2021-04-09T19:15:36Z">
          <reporter-output>
          </reporter-output>
        </test-method> <!-- teardown -->
      </class> <!-- Target.TestFindMyStore -->
    </test> <!-- FindStore -->
    <test name="ShoppingCard" duration-ms="47607" started-at="2021-04-10T01:15:36Z" finished-at="2021-04-10T01:16:24Z">
      <class name="Target.TestTargetShoppingCart">
        <test-method status="PASS" signature="TestSetUp(java.lang.String, java.lang.String)[pri:0, instance:Target.TestTargetShoppingCart@59a6e353]" name="TestSetUp" is-config="true" duration-ms="7014" started-at="2021-04-09T19:15:36Z" finished-at="2021-04-09T19:15:43Z">
          <params>
            <param index="0">
              <value>
                <![CDATA[Chrome]]>
              </value>
            </param>
            <param index="1">
              <value>
                <![CDATA[https://www.target.com/]]>
              </value>
            </param>
          </params>
          <reporter-output>
          </reporter-output>
        </test-method> <!-- TestSetUp -->
        <test-method status="PASS" signature="methodLevelSetUp()[pri:0, instance:Target.TestTargetShoppingCart@59a6e353]" name="methodLevelSetUp" is-config="true" duration-ms="2" started-at="2021-04-09T19:15:43Z" finished-at="2021-04-09T19:15:43Z">
          <reporter-output>
          </reporter-output>
        </test-method> <!-- methodLevelSetUp -->
        <test-method status="FAIL" signature="addItemToCart()[pri:0, instance:Target.TestTargetShoppingCart@59a6e353]" name="addItemToCart" duration-ms="21001" started-at="2021-04-09T19:15:43Z" finished-at="2021-04-09T19:16:04Z">
          <exception class="org.openqa.selenium.NoSuchElementException">
            <message>
              <![CDATA[no such element: Unable to locate element: {"method":"css selector","selector":"#account"}
  (Session info: chrome=89.0.4389.114)
For documentation on this error, please visit: https://www.seleniumhq.org/exceptions/no_such_element.html
Build info: version: '3.141.59', revision: 'e82be7d358', time: '2018-11-14T08:17:03'
System info: host: 'SOLANOD', ip: '192.168.0.6', os.name: 'Windows 10', os.arch: 'amd64', os.version: '10.0', java.version: '1.8.0_281'
Driver info: org.openqa.selenium.chrome.ChromeDriver
Capabilities {acceptInsecureCerts: false, browserName: chrome, browserVersion: 89.0.4389.114, chrome: {chromedriverVersion: 88.0.4324.96 (68dba2d8a0b14..., userDataDir: C:\Users\dsolano\AppData\Lo...}, goog:chromeOptions: {debuggerAddress: localhost:51020}, javascriptEnabled: true, networkConnectionEnabled: false, pageLoadStrategy: normal, platform: WINDOWS, platformName: WINDOWS, proxy: Proxy(), setWindowRect: true, strictFileInteractability: false, timeouts: {implicit: 0, pageLoad: 300000, script: 30000}, unhandledPromptBehavior: dismiss and notify, webauthn:extension:largeBlob: true, webauthn:virtualAuthenticators: true}
Session ID: 8cc89a0243df8ba896c41e297c421ab6
*** Element info: {Using=id, value=account}]]>
            </message>
            <full-stacktrace>
              <![CDATA[org.openqa.selenium.NoSuchElementException: no such element: Unable to locate element: {"method":"css selector","selector":"#account"}
  (Session info: chrome=89.0.4389.114)
For documentation on this error, please visit: https://www.seleniumhq.org/exceptions/no_such_element.html
Build info: version: '3.141.59', revision: 'e82be7d358', time: '2018-11-14T08:17:03'
System info: host: 'SOLANOD', ip: '192.168.0.6', os.name: 'Windows 10', os.arch: 'amd64', os.version: '10.0', java.version: '1.8.0_281'
Driver info: org.openqa.selenium.chrome.ChromeDriver
Capabilities {acceptInsecureCerts: false, browserName: chrome, browserVersion: 89.0.4389.114, chrome: {chromedriverVersion: 88.0.4324.96 (68dba2d8a0b14..., userDataDir: C:\Users\dsolano\AppData\Lo...}, goog:chromeOptions: {debuggerAddress: localhost:51020}, javascriptEnabled: true, networkConnectionEnabled: false, pageLoadStrategy: normal, platform: WINDOWS, platformName: WINDOWS, proxy: Proxy(), setWindowRect: true, strictFileInteractability: false, timeouts: {implicit: 0, pageLoad: 300000, script: 30000}, unhandledPromptBehavior: dismiss and notify, webauthn:extension:largeBlob: true, webauthn:virtualAuthenticators: true}
Session ID: 8cc89a0243df8ba896c41e297c421ab6
*** Element info: {Using=id, value=account}
	at sun.reflect.NativeConstructorAccessorImpl.newInstance0(Native Method)
	at sun.reflect.NativeConstructorAccessorImpl.newInstance(NativeConstructorAccessorImpl.java:62)
	at sun.reflect.DelegatingConstructorAccessorImpl.newInstance(DelegatingConstructorAccessorImpl.java:45)
	at java.lang.reflect.Constructor.newInstance(Constructor.java:423)
	at org.openqa.selenium.remote.http.W3CHttpResponseCodec.createException(W3CHttpResponseCodec.java:187)
	at org.openqa.selenium.remote.http.W3CHttpResponseCodec.decode(W3CHttpResponseCodec.java:122)
	at org.openqa.selenium.remote.http.W3CHttpResponseCodec.decode(W3CHttpResponseCodec.java:49)
	at org.openqa.selenium.remote.HttpCommandExecutor.execute(HttpCommandExecutor.java:158)
	at org.openqa.selenium.remote.service.DriverCommandExecutor.execute(DriverCommandExecutor.java:83)
	at org.openqa.selenium.remote.RemoteWebDriver.execute(RemoteWebDriver.java:552)
	at org.openqa.selenium.remote.RemoteWebDriver.findElement(RemoteWebDriver.java:323)
	at org.openqa.selenium.remote.RemoteWebDriver.findElementById(RemoteWebDriver.java:372)
	at org.openqa.selenium.By$ById.findElement(By.java:188)
	at org.openqa.selenium.remote.RemoteWebDriver.findElement(RemoteWebDriver.java:315)
	at Target.BasePage.click(BasePage.java:19)
	at Target.TargetLoginPage.navigate(TargetLoginPage.java:25)
	at Target.TargetLoginPage.login(TargetLoginPage.java:45)
	at Target.TestTargetShoppingCart.addItemToCart(TestTargetShoppingCart.java:26)
	at sun.reflect.NativeMethodAccessorImpl.invoke0(Native Method)
	at sun.reflect.NativeMethodAccessorImpl.invoke(NativeMethodAccessorImpl.java:62)
	at sun.reflect.DelegatingMethodAccessorImpl.invoke(DelegatingMethodAccessorImpl.java:43)
	at java.lang.reflect.Method.invoke(Method.java:498)
	at org.testng.internal.MethodInvocationHelper.invokeMethod(MethodInvocationHelper.java:100)
	at org.testng.internal.Invoker.invokeMethod(Invoker.java:646)
	at org.testng.internal.Invoker.invokeTestMethod(Invoker.java:811)
	at org.testng.internal.Invoker.invokeTestMethods(Invoker.java:1137)
	at org.testng.internal.TestMethodWorker.invokeTestMethods(TestMethodWorker.java:129)
	at org.testng.internal.TestMethodWorker.run(TestMethodWorker.java:112)
	at org.testng.TestRunner.privateRun(TestRunner.java:753)
	at org.testng.TestRunner.run(TestRunner.java:607)
	at org.testng.SuiteRunner.runTest(SuiteRunner.java:368)
	at org.testng.SuiteRunner.runSequentially(SuiteRunner.java:363)
	at org.testng.SuiteRunner.privateRun(SuiteRunner.java:321)
	at org.testng.SuiteRunner.run(SuiteRunner.java:270)
	at org.testng.SuiteRunnerWorker.runSuite(SuiteRunnerWorker.java:52)
	at org.testng.SuiteRunnerWorker.run(SuiteRunnerWorker.java:86)
	at org.testng.TestNG.runSuitesSequentially(TestNG.java:1284)
	at org.testng.TestNG.runSuitesLocally(TestNG.java:1209)
	at org.testng.TestNG.runSuites(TestNG.java:1124)
	at org.testng.TestNG.run(TestNG.java:1096)
	at com.intellij.rt.testng.IDEARemoteTestNG.run(IDEARemoteTestNG.java:66)
	at com.intellij.rt.testng.RemoteTestNGStarter.main(RemoteTestNGStarter.java:109)
]]>
            </full-stacktrace>
          </exception> <!-- org.openqa.selenium.NoSuchElementException -->
          <reporter-output>
          </reporter-output>
        </test-method> <!-- addItemToCart -->
        <test-method status="FAIL" signature="deleteItemfromCart()[pri:0, instance:Target.TestTargetShoppingCart@59a6e353]" name="deleteItemfromCart" duration-ms="18934" started-at="2021-04-09T19:16:04Z" finished-at="2021-04-09T19:16:23Z">
          <exception class="org.openqa.selenium.NoSuchElementException">
            <message>
              <![CDATA[no such element: Unable to locate element: {"method":"xpath","selector":"//*[@data-test='cartItem-deleteBtn']"}
  (Session info: chrome=89.0.4389.114)
For documentation on this error, please visit: https://www.seleniumhq.org/exceptions/no_such_element.html
Build info: version: '3.141.59', revision: 'e82be7d358', time: '2018-11-14T08:17:03'
System info: host: 'SOLANOD', ip: '192.168.0.6', os.name: 'Windows 10', os.arch: 'amd64', os.version: '10.0', java.version: '1.8.0_281'
Driver info: org.openqa.selenium.chrome.ChromeDriver
Capabilities {acceptInsecureCerts: false, browserName: chrome, browserVersion: 89.0.4389.114, chrome: {chromedriverVersion: 88.0.4324.96 (68dba2d8a0b14..., userDataDir: C:\Users\dsolano\AppData\Lo...}, goog:chromeOptions: {debuggerAddress: localhost:51020}, javascriptEnabled: true, networkConnectionEnabled: false, pageLoadStrategy: normal, platform: WINDOWS, platformName: WINDOWS, proxy: Proxy(), setWindowRect: true, strictFileInteractability: false, timeouts: {implicit: 0, pageLoad: 300000, script: 30000}, unhandledPromptBehavior: dismiss and notify, webauthn:extension:largeBlob: true, webauthn:virtualAuthenticators: true}
Session ID: 8cc89a0243df8ba896c41e297c421ab6
*** Element info: {Using=xpath, value=//*[@data-test='cartItem-deleteBtn']}]]>
            </message>
            <full-stacktrace>
              <![CDATA[org.openqa.selenium.NoSuchElementException: no such element: Unable to locate element: {"method":"xpath","selector":"//*[@data-test='cartItem-deleteBtn']"}
  (Session info: chrome=89.0.4389.114)
For documentation on this error, please visit: https://www.seleniumhq.org/exceptions/no_such_element.html
Build info: version: '3.141.59', revision: 'e82be7d358', time: '2018-11-14T08:17:03'
System info: host: 'SOLANOD', ip: '192.168.0.6', os.name: 'Windows 10', os.arch: 'amd64', os.version: '10.0', java.version: '1.8.0_281'
Driver info: org.openqa.selenium.chrome.ChromeDriver
Capabilities {acceptInsecureCerts: false, browserName: chrome, browserVersion: 89.0.4389.114, chrome: {chromedriverVersion: 88.0.4324.96 (68dba2d8a0b14..., userDataDir: C:\Users\dsolano\AppData\Lo...}, goog:chromeOptions: {debuggerAddress: localhost:51020}, javascriptEnabled: true, networkConnectionEnabled: false, pageLoadStrategy: normal, platform: WINDOWS, platformName: WINDOWS, proxy: Proxy(), setWindowRect: true, strictFileInteractability: false, timeouts: {implicit: 0, pageLoad: 300000, script: 30000}, unhandledPromptBehavior: dismiss and notify, webauthn:extension:largeBlob: true, webauthn:virtualAuthenticators: true}
Session ID: 8cc89a0243df8ba896c41e297c421ab6
*** Element info: {Using=xpath, value=//*[@data-test='cartItem-deleteBtn']}
	at sun.reflect.NativeConstructorAccessorImpl.newInstance0(Native Method)
	at sun.reflect.NativeConstructorAccessorImpl.newInstance(NativeConstructorAccessorImpl.java:62)
	at sun.reflect.DelegatingConstructorAccessorImpl.newInstance(DelegatingConstructorAccessorImpl.java:45)
	at java.lang.reflect.Constructor.newInstance(Constructor.java:423)
	at org.openqa.selenium.remote.http.W3CHttpResponseCodec.createException(W3CHttpResponseCodec.java:187)
	at org.openqa.selenium.remote.http.W3CHttpResponseCodec.decode(W3CHttpResponseCodec.java:122)
	at org.openqa.selenium.remote.http.W3CHttpResponseCodec.decode(W3CHttpResponseCodec.java:49)
	at org.openqa.selenium.remote.HttpCommandExecutor.execute(HttpCommandExecutor.java:158)
	at org.openqa.selenium.remote.service.DriverCommandExecutor.execute(DriverCommandExecutor.java:83)
	at org.openqa.selenium.remote.RemoteWebDriver.execute(RemoteWebDriver.java:552)
	at org.openqa.selenium.remote.RemoteWebDriver.findElement(RemoteWebDriver.java:323)
	at org.openqa.selenium.remote.RemoteWebDriver.findElementByXPath(RemoteWebDriver.java:428)
	at org.openqa.selenium.By$ByXPath.findElement(By.java:353)
	at org.openqa.selenium.remote.RemoteWebDriver.findElement(RemoteWebDriver.java:315)
	at Target.BasePage.click(BasePage.java:19)
	at Target.TargetShoppingCart.deleteItemFromCart(TargetShoppingCart.java:28)
	at Target.TestTargetShoppingCart.deleteItemfromCart(TestTargetShoppingCart.java:37)
	at sun.reflect.NativeMethodAccessorImpl.invoke0(Native Method)
	at sun.reflect.NativeMethodAccessorImpl.invoke(NativeMethodAccessorImpl.java:62)
	at sun.reflect.DelegatingMethodAccessorImpl.invoke(DelegatingMethodAccessorImpl.java:43)
	at java.lang.reflect.Method.invoke(Method.java:498)
	at org.testng.internal.MethodInvocationHelper.invokeMethod(MethodInvocationHelper.java:100)
	at org.testng.internal.Invoker.invokeMethod(Invoker.java:646)
	at org.testng.internal.Invoker.invokeTestMethod(Invoker.java:811)
	at org.testng.internal.Invoker.invokeTestMethods(Invoker.java:1137)
	at org.testng.internal.TestMethodWorker.invokeTestMethods(TestMethodWorker.java:129)
	at org.testng.internal.TestMethodWorker.run(TestMethodWorker.java:112)
	at org.testng.TestRunner.privateRun(TestRunner.java:753)
	at org.testng.TestRunner.run(TestRunner.java:607)
	at org.testng.SuiteRunner.runTest(SuiteRunner.java:368)
	at org.testng.SuiteRunner.runSequentially(SuiteRunner.java:363)
	at org.testng.SuiteRunner.privateRun(SuiteRunner.java:321)
	at org.testng.SuiteRunner.run(SuiteRunner.java:270)
	at org.testng.SuiteRunnerWorker.runSuite(SuiteRunnerWorker.java:52)
	at org.testng.SuiteRunnerWorker.run(SuiteRunnerWorker.java:86)
	at org.testng.TestNG.runSuitesSequentially(TestNG.java:1284)
	at org.testng.TestNG.runSuitesLocally(TestNG.java:1209)
	at org.testng.TestNG.runSuites(TestNG.java:1124)
	at org.testng.TestNG.run(TestNG.java:1096)
	at com.intellij.rt.testng.IDEARemoteTestNG.run(IDEARemoteTestNG.java:66)
	at com.intellij.rt.testng.RemoteTestNGStarter.main(RemoteTestNGStarter.java:109)
]]>
            </full-stacktrace>
          </exception> <!-- org.openqa.selenium.NoSuchElementException -->
          <reporter-output>
          </reporter-output>
        </test-method> <!-- deleteItemfromCart -->
        <test-method status="PASS" signature="methodLevelSetUp()[pri:0, instance:Target.TestTargetShoppingCart@59a6e353]" name="methodLevelSetUp" is-config="true" duration-ms="0" started-at="2021-04-09T19:16:04Z" finished-at="2021-04-09T19:16:04Z">
          <reporter-output>
          </reporter-output>
        </test-method> <!-- methodLevelSetUp -->
        <test-method status="PASS" signature="teardown()[pri:0, instance:Target.TestTargetShoppingCart@59a6e353]" name="teardown" is-config="true" duration-ms="654" started-at="2021-04-09T19:16:23Z" finished-at="2021-04-09T19:16:24Z">
          <reporter-output>
          </reporter-output>
        </test-method> <!-- teardown -->
      </class> <!-- Target.TestTargetShoppingCart -->
    </test> <!-- ShoppingCard -->
    <test name="Categories" duration-ms="68406" started-at="2021-04-10T01:16:24Z" finished-at="2021-04-10T01:17:32Z">
      <class name="Target.TestTargetCategories">
        <test-method status="PASS" signature="TestSetUp(java.lang.String, java.lang.String)[pri:0, instance:Target.TestTargetCategories@506e6d5e]" name="TestSetUp" is-config="true" duration-ms="7766" started-at="2021-04-09T19:16:24Z" finished-at="2021-04-09T19:16:31Z">
          <params>
            <param index="0">
              <value>
                <![CDATA[Chrome]]>
              </value>
            </param>
            <param index="1">
              <value>
                <![CDATA[https://www.target.com/]]>
              </value>
            </param>
          </params>
          <reporter-output>
          </reporter-output>
        </test-method> <!-- TestSetUp -->
        <test-method status="PASS" signature="methodLevelSetUp()[pri:0, instance:Target.TestTargetCategories@506e6d5e]" name="methodLevelSetUp" is-config="true" duration-ms="1538" started-at="2021-04-09T19:16:31Z" finished-at="2021-04-09T19:16:33Z">
          <reporter-output>
          </reporter-output>
        </test-method> <!-- methodLevelSetUp -->
        <test-method status="PASS" signature="regressionClothesFilters()[pri:0, instance:Target.TestTargetCategories@506e6d5e]" name="regressionClothesFilters" duration-ms="32879" started-at="2021-04-09T19:16:33Z" finished-at="2021-04-09T19:17:06Z">
          <reporter-output>
          </reporter-output>
        </test-method> <!-- regressionClothesFilters -->
        <test-method status="PASS" signature="methodLevelSetUp()[pri:0, instance:Target.TestTargetCategories@506e6d5e]" name="methodLevelSetUp" is-config="true" duration-ms="803" started-at="2021-04-09T19:17:06Z" finished-at="2021-04-09T19:17:07Z">
          <reporter-output>
          </reporter-output>
        </test-method> <!-- methodLevelSetUp -->
        <test-method status="FAIL" signature="regressionDeliveryFilters()[pri:0, instance:Target.TestTargetCategories@506e6d5e]" name="regressionDeliveryFilters" duration-ms="24742" started-at="2021-04-09T19:17:07Z" finished-at="2021-04-09T19:17:31Z">
          <exception class="org.openqa.selenium.NoSuchElementException">
            <message>
              <![CDATA[no such element: Unable to locate element: {"method":"xpath","selector":"//*[@for='Check me!']"}
  (Session info: chrome=89.0.4389.114)
For documentation on this error, please visit: https://www.seleniumhq.org/exceptions/no_such_element.html
Build info: version: '3.141.59', revision: 'e82be7d358', time: '2018-11-14T08:17:03'
System info: host: 'SOLANOD', ip: '192.168.0.6', os.name: 'Windows 10', os.arch: 'amd64', os.version: '10.0', java.version: '1.8.0_281'
Driver info: org.openqa.selenium.chrome.ChromeDriver
Capabilities {acceptInsecureCerts: false, browserName: chrome, browserVersion: 89.0.4389.114, chrome: {chromedriverVersion: 88.0.4324.96 (68dba2d8a0b14..., userDataDir: C:\Users\dsolano\AppData\Lo...}, goog:chromeOptions: {debuggerAddress: localhost:51192}, javascriptEnabled: true, networkConnectionEnabled: false, pageLoadStrategy: normal, platform: WINDOWS, platformName: WINDOWS, proxy: Proxy(), setWindowRect: true, strictFileInteractability: false, timeouts: {implicit: 0, pageLoad: 300000, script: 30000}, unhandledPromptBehavior: dismiss and notify, webauthn:extension:largeBlob: true, webauthn:virtualAuthenticators: true}
Session ID: 083489ada9960c9b1122b366398b17e4
*** Element info: {Using=xpath, value=//*[@for='Check me!']}]]>
            </message>
            <full-stacktrace>
              <![CDATA[org.openqa.selenium.NoSuchElementException: no such element: Unable to locate element: {"method":"xpath","selector":"//*[@for='Check me!']"}
  (Session info: chrome=89.0.4389.114)
For documentation on this error, please visit: https://www.seleniumhq.org/exceptions/no_such_element.html
Build info: version: '3.141.59', revision: 'e82be7d358', time: '2018-11-14T08:17:03'
System info: host: 'SOLANOD', ip: '192.168.0.6', os.name: 'Windows 10', os.arch: 'amd64', os.version: '10.0', java.version: '1.8.0_281'
Driver info: org.openqa.selenium.chrome.ChromeDriver
Capabilities {acceptInsecureCerts: false, browserName: chrome, browserVersion: 89.0.4389.114, chrome: {chromedriverVersion: 88.0.4324.96 (68dba2d8a0b14..., userDataDir: C:\Users\dsolano\AppData\Lo...}, goog:chromeOptions: {debuggerAddress: localhost:51192}, javascriptEnabled: true, networkConnectionEnabled: false, pageLoadStrategy: normal, platform: WINDOWS, platformName: WINDOWS, proxy: Proxy(), setWindowRect: true, strictFileInteractability: false, timeouts: {implicit: 0, pageLoad: 300000, script: 30000}, unhandledPromptBehavior: dismiss and notify, webauthn:extension:largeBlob: true, webauthn:virtualAuthenticators: true}
Session ID: 083489ada9960c9b1122b366398b17e4
*** Element info: {Using=xpath, value=//*[@for='Check me!']}
	at sun.reflect.NativeConstructorAccessorImpl.newInstance0(Native Method)
	at sun.reflect.NativeConstructorAccessorImpl.newInstance(NativeConstructorAccessorImpl.java:62)
	at sun.reflect.DelegatingConstructorAccessorImpl.newInstance(DelegatingConstructorAccessorImpl.java:45)
	at java.lang.reflect.Constructor.newInstance(Constructor.java:423)
	at org.openqa.selenium.remote.http.W3CHttpResponseCodec.createException(W3CHttpResponseCodec.java:187)
	at org.openqa.selenium.remote.http.W3CHttpResponseCodec.decode(W3CHttpResponseCodec.java:122)
	at org.openqa.selenium.remote.http.W3CHttpResponseCodec.decode(W3CHttpResponseCodec.java:49)
	at org.openqa.selenium.remote.HttpCommandExecutor.execute(HttpCommandExecutor.java:158)
	at org.openqa.selenium.remote.service.DriverCommandExecutor.execute(DriverCommandExecutor.java:83)
	at org.openqa.selenium.remote.RemoteWebDriver.execute(RemoteWebDriver.java:552)
	at org.openqa.selenium.remote.RemoteWebDriver.findElement(RemoteWebDriver.java:323)
	at org.openqa.selenium.remote.RemoteWebDriver.findElementByXPath(RemoteWebDriver.java:428)
	at org.openqa.selenium.By$ByXPath.findElement(By.java:353)
	at org.openqa.selenium.remote.RemoteWebDriver.findElement(RemoteWebDriver.java:315)
	at Target.BasePage.scrollTo(BasePage.java:23)
	at Target.TargetCategories.clickFilter(TargetCategories.java:14)
	at Target.TestTargetCategories.regressionDeliveryFilters(TestTargetCategories.java:41)
	at sun.reflect.NativeMethodAccessorImpl.invoke0(Native Method)
	at sun.reflect.NativeMethodAccessorImpl.invoke(NativeMethodAccessorImpl.java:62)
	at sun.reflect.DelegatingMethodAccessorImpl.invoke(DelegatingMethodAccessorImpl.java:43)
	at java.lang.reflect.Method.invoke(Method.java:498)
	at org.testng.internal.MethodInvocationHelper.invokeMethod(MethodInvocationHelper.java:100)
	at org.testng.internal.Invoker.invokeMethod(Invoker.java:646)
	at org.testng.internal.Invoker.invokeTestMethod(Invoker.java:811)
	at org.testng.internal.Invoker.invokeTestMethods(Invoker.java:1137)
	at org.testng.internal.TestMethodWorker.invokeTestMethods(TestMethodWorker.java:129)
	at org.testng.internal.TestMethodWorker.run(TestMethodWorker.java:112)
	at org.testng.TestRunner.privateRun(TestRunner.java:753)
	at org.testng.TestRunner.run(TestRunner.java:607)
	at org.testng.SuiteRunner.runTest(SuiteRunner.java:368)
	at org.testng.SuiteRunner.runSequentially(SuiteRunner.java:363)
	at org.testng.SuiteRunner.privateRun(SuiteRunner.java:321)
	at org.testng.SuiteRunner.run(SuiteRunner.java:270)
	at org.testng.SuiteRunnerWorker.runSuite(SuiteRunnerWorker.java:52)
	at org.testng.SuiteRunnerWorker.run(SuiteRunnerWorker.java:86)
	at org.testng.TestNG.runSuitesSequentially(TestNG.java:1284)
	at org.testng.TestNG.runSuitesLocally(TestNG.java:1209)
	at org.testng.TestNG.runSuites(TestNG.java:1124)
	at org.testng.TestNG.run(TestNG.java:1096)
	at com.intellij.rt.testng.IDEARemoteTestNG.run(IDEARemoteTestNG.java:66)
	at com.intellij.rt.testng.RemoteTestNGStarter.main(RemoteTestNGStarter.java:109)
]]>
            </full-stacktrace>
          </exception> <!-- org.openqa.selenium.NoSuchElementException -->
          <reporter-output>
          </reporter-output>
        </test-method> <!-- regressionDeliveryFilters -->
        <test-method status="PASS" signature="teardown()[pri:0, instance:Target.TestTargetCategories@506e6d5e]" name="teardown" is-config="true" duration-ms="675" started-at="2021-04-09T19:17:31Z" finished-at="2021-04-09T19:17:32Z">
          <reporter-output>
          </reporter-output>
        </test-method> <!-- teardown -->
      </class> <!-- Target.TestTargetCategories -->
    </test> <!-- Categories -->
    <test name="Navigation" duration-ms="29931" started-at="2021-04-10T01:17:32Z" finished-at="2021-04-10T01:18:02Z">
      <class name="Target.TestTargetMenuNav">
        <test-method status="PASS" signature="TestSetUp(java.lang.String, java.lang.String)[pri:0, instance:Target.TestTargetMenuNav@35f983a6]" name="TestSetUp" is-config="true" duration-ms="7287" started-at="2021-04-09T19:17:32Z" finished-at="2021-04-09T19:17:39Z">
          <params>
            <param index="0">
              <value>
                <![CDATA[Chrome]]>
              </value>
            </param>
            <param index="1">
              <value>
                <![CDATA[https://www.target.com/]]>
              </value>
            </param>
          </params>
          <reporter-output>
          </reporter-output>
        </test-method> <!-- TestSetUp -->
        <test-method status="PASS" signature="methodLevelSetUp()[pri:0, instance:Target.TestTargetMenuNav@35f983a6]" name="methodLevelSetUp" is-config="true" duration-ms="1047" started-at="2021-04-09T19:17:39Z" finished-at="2021-04-09T19:17:40Z">
          <reporter-output>
          </reporter-output>
        </test-method> <!-- methodLevelSetUp -->
        <test-method status="PASS" signature="regressionDealsNav()[pri:0, instance:Target.TestTargetMenuNav@35f983a6]" name="regressionDealsNav" duration-ms="14093" started-at="2021-04-09T19:17:40Z" finished-at="2021-04-09T19:17:54Z">
          <reporter-output>
          </reporter-output>
        </test-method> <!-- regressionDealsNav -->
        <test-method status="PASS" signature="methodLevelSetUp()[pri:0, instance:Target.TestTargetMenuNav@35f983a6]" name="methodLevelSetUp" is-config="true" duration-ms="624" started-at="2021-04-09T19:17:54Z" finished-at="2021-04-09T19:17:55Z">
          <reporter-output>
          </reporter-output>
        </test-method> <!-- methodLevelSetUp -->
        <test-method status="FAIL" signature="regressionWhatsNewNav()[pri:0, instance:Target.TestTargetMenuNav@35f983a6]" name="regressionWhatsNewNav" duration-ms="6185" started-at="2021-04-09T19:17:55Z" finished-at="2021-04-09T19:18:01Z">
          <exception class="java.lang.AssertionError">
            <message>
              <![CDATA[expected [true] but found [false]]]>
            </message>
            <full-stacktrace>
              <![CDATA[java.lang.AssertionError: expected [true] but found [false]
	at org.testng.Assert.fail(Assert.java:94)
	at org.testng.Assert.failNotEquals(Assert.java:513)
	at org.testng.Assert.assertTrue(Assert.java:42)
	at org.testng.Assert.assertTrue(Assert.java:52)
	at Target.TestTargetMenuNav.regressionWhatsNewNav(TestTargetMenuNav.java:55)
	at sun.reflect.NativeMethodAccessorImpl.invoke0(Native Method)
	at sun.reflect.NativeMethodAccessorImpl.invoke(NativeMethodAccessorImpl.java:62)
	at sun.reflect.DelegatingMethodAccessorImpl.invoke(DelegatingMethodAccessorImpl.java:43)
	at java.lang.reflect.Method.invoke(Method.java:498)
	at org.testng.internal.MethodInvocationHelper.invokeMethod(MethodInvocationHelper.java:100)
	at org.testng.internal.Invoker.invokeMethod(Invoker.java:646)
	at org.testng.internal.Invoker.invokeTestMethod(Invoker.java:811)
	at org.testng.internal.Invoker.invokeTestMethods(Invoker.java:1137)
	at org.testng.internal.TestMethodWorker.invokeTestMethods(TestMethodWorker.java:129)
	at org.testng.internal.TestMethodWorker.run(TestMethodWorker.java:112)
	at org.testng.TestRunner.privateRun(TestRunner.java:753)
	at org.testng.TestRunner.run(TestRunner.java:607)
	at org.testng.SuiteRunner.runTest(SuiteRunner.java:368)
	at org.testng.SuiteRunner.runSequentially(SuiteRunner.java:363)
	at org.testng.SuiteRunner.privateRun(SuiteRunner.java:321)
	at org.testng.SuiteRunner.run(SuiteRunner.java:270)
	at org.testng.SuiteRunnerWorker.runSuite(SuiteRunnerWorker.java:52)
	at org.testng.SuiteRunnerWorker.run(SuiteRunnerWorker.java:86)
	at org.testng.TestNG.runSuitesSequentially(TestNG.java:1284)
	at org.testng.TestNG.runSuitesLocally(TestNG.java:1209)
	at org.testng.TestNG.runSuites(TestNG.java:1124)
	at org.testng.TestNG.run(TestNG.java:1096)
	at com.intellij.rt.testng.IDEARemoteTestNG.run(IDEARemoteTestNG.java:66)
	at com.intellij.rt.testng.RemoteTestNGStarter.main(RemoteTestNGStarter.java:109)
]]>
            </full-stacktrace>
          </exception> <!-- java.lang.AssertionError -->
          <reporter-output>
          </reporter-output>
        </test-method> <!-- regressionWhatsNewNav -->
        <test-method status="PASS" signature="teardown()[pri:0, instance:Target.TestTargetMenuNav@35f983a6]" name="teardown" is-config="true" duration-ms="694" started-at="2021-04-09T19:18:01Z" finished-at="2021-04-09T19:18:02Z">
          <reporter-output>
          </reporter-output>
        </test-method> <!-- teardown -->
      </class> <!-- Target.TestTargetMenuNav -->
    </test> <!-- Navigation -->
    <test name="SearchPage" duration-ms="46346" started-at="2021-04-10T01:18:02Z" finished-at="2021-04-10T01:18:48Z">
      <class name="Target.TestTargetSearchPage">
        <test-method status="PASS" signature="TestSetUp(java.lang.String, java.lang.String)[pri:0, instance:Target.TestTargetSearchPage@6bf256fa]" name="TestSetUp" is-config="true" duration-ms="6980" started-at="2021-04-09T19:18:02Z" finished-at="2021-04-09T19:18:09Z">
          <params>
            <param index="0">
              <value>
                <![CDATA[Chrome]]>
              </value>
            </param>
            <param index="1">
              <value>
                <![CDATA[https://www.target.com/]]>
              </value>
            </param>
          </params>
          <reporter-output>
          </reporter-output>
        </test-method> <!-- TestSetUp -->
        <test-method status="PASS" signature="methodLevelSetUp()[pri:0, instance:Target.TestTargetSearchPage@6bf256fa]" name="methodLevelSetUp" is-config="true" duration-ms="0" started-at="2021-04-09T19:18:09Z" finished-at="2021-04-09T19:18:09Z">
          <reporter-output>
          </reporter-output>
        </test-method> <!-- methodLevelSetUp -->
        <test-method status="PASS" signature="testCategoryNotFound()[pri:0, instance:Target.TestTargetSearchPage@6bf256fa]" name="testCategoryNotFound" duration-ms="3299" started-at="2021-04-09T19:18:09Z" finished-at="2021-04-09T19:18:12Z">
          <reporter-output>
          </reporter-output>
        </test-method> <!-- testCategoryNotFound -->
        <test-method status="FAIL" signature="testDisplayCategory()[pri:0, instance:Target.TestTargetSearchPage@6bf256fa]" name="testDisplayCategory" duration-ms="10292" started-at="2021-04-09T19:18:12Z" finished-at="2021-04-09T19:18:23Z">
          <exception class="java.lang.AssertionError">
            <message>
              <![CDATA[expected [true] but found [false]]]>
            </message>
            <full-stacktrace>
              <![CDATA[java.lang.AssertionError: expected [true] but found [false]
	at org.testng.Assert.fail(Assert.java:94)
	at org.testng.Assert.failNotEquals(Assert.java:513)
	at org.testng.Assert.assertTrue(Assert.java:42)
	at org.testng.Assert.assertTrue(Assert.java:52)
	at Target.TestTargetSearchPage.testDisplayCategory(TestTargetSearchPage.java:20)
	at sun.reflect.NativeMethodAccessorImpl.invoke0(Native Method)
	at sun.reflect.NativeMethodAccessorImpl.invoke(NativeMethodAccessorImpl.java:62)
	at sun.reflect.DelegatingMethodAccessorImpl.invoke(DelegatingMethodAccessorImpl.java:43)
	at java.lang.reflect.Method.invoke(Method.java:498)
	at org.testng.internal.MethodInvocationHelper.invokeMethod(MethodInvocationHelper.java:100)
	at org.testng.internal.Invoker.invokeMethod(Invoker.java:646)
	at org.testng.internal.Invoker.invokeTestMethod(Invoker.java:811)
	at org.testng.internal.Invoker.invokeTestMethods(Invoker.java:1137)
	at org.testng.internal.TestMethodWorker.invokeTestMethods(TestMethodWorker.java:129)
	at org.testng.internal.TestMethodWorker.run(TestMethodWorker.java:112)
	at org.testng.TestRunner.privateRun(TestRunner.java:753)
	at org.testng.TestRunner.run(TestRunner.java:607)
	at org.testng.SuiteRunner.runTest(SuiteRunner.java:368)
	at org.testng.SuiteRunner.runSequentially(SuiteRunner.java:363)
	at org.testng.SuiteRunner.privateRun(SuiteRunner.java:321)
	at org.testng.SuiteRunner.run(SuiteRunner.java:270)
	at org.testng.SuiteRunnerWorker.runSuite(SuiteRunnerWorker.java:52)
	at org.testng.SuiteRunnerWorker.run(SuiteRunnerWorker.java:86)
	at org.testng.TestNG.runSuitesSequentially(TestNG.java:1284)
	at org.testng.TestNG.runSuitesLocally(TestNG.java:1209)
	at org.testng.TestNG.runSuites(TestNG.java:1124)
	at org.testng.TestNG.run(TestNG.java:1096)
	at com.intellij.rt.testng.IDEARemoteTestNG.run(IDEARemoteTestNG.java:66)
	at com.intellij.rt.testng.RemoteTestNGStarter.main(RemoteTestNGStarter.java:109)
]]>
            </full-stacktrace>
          </exception> <!-- java.lang.AssertionError -->
          <reporter-output>
          </reporter-output>
        </test-method> <!-- testDisplayCategory -->
        <test-method status="PASS" signature="methodLevelSetUp()[pri:0, instance:Target.TestTargetSearchPage@6bf256fa]" name="methodLevelSetUp" is-config="true" duration-ms="0" started-at="2021-04-09T19:18:12Z" finished-at="2021-04-09T19:18:12Z">
          <reporter-output>
          </reporter-output>
        </test-method> <!-- methodLevelSetUp -->
        <test-method status="PASS" signature="testSearchCategory()[pri:0, instance:Target.TestTargetSearchPage@6bf256fa]" name="testSearchCategory" duration-ms="7730" started-at="2021-04-09T19:18:23Z" finished-at="2021-04-09T19:18:30Z">
          <reporter-output>
          </reporter-output>
        </test-method> <!-- testSearchCategory -->
        <test-method status="PASS" signature="methodLevelSetUp()[pri:0, instance:Target.TestTargetSearchPage@6bf256fa]" name="methodLevelSetUp" is-config="true" duration-ms="0" started-at="2021-04-09T19:18:23Z" finished-at="2021-04-09T19:18:23Z">
          <reporter-output>
          </reporter-output>
        </test-method> <!-- methodLevelSetUp -->
        <test-method status="PASS" signature="testSearchItem()[pri:0, instance:Target.TestTargetSearchPage@6bf256fa]" name="testSearchItem" duration-ms="6281" started-at="2021-04-09T19:18:30Z" finished-at="2021-04-09T19:18:37Z">
          <reporter-output>
          </reporter-output>
        </test-method> <!-- testSearchItem -->
        <test-method status="PASS" signature="methodLevelSetUp()[pri:0, instance:Target.TestTargetSearchPage@6bf256fa]" name="methodLevelSetUp" is-config="true" duration-ms="0" started-at="2021-04-09T19:18:30Z" finished-at="2021-04-09T19:18:30Z">
          <reporter-output>
          </reporter-output>
        </test-method> <!-- methodLevelSetUp -->
        <test-method status="PASS" signature="testSupportTypoItem()[pri:0, instance:Target.TestTargetSearchPage@6bf256fa]" name="testSupportTypoItem" duration-ms="11116" started-at="2021-04-09T19:18:37Z" finished-at="2021-04-09T19:18:48Z">
          <reporter-output>
          </reporter-output>
        </test-method> <!-- testSupportTypoItem -->
        <test-method status="PASS" signature="methodLevelSetUp()[pri:0, instance:Target.TestTargetSearchPage@6bf256fa]" name="methodLevelSetUp" is-config="true" duration-ms="0" started-at="2021-04-09T19:18:37Z" finished-at="2021-04-09T19:18:37Z">
          <reporter-output>
          </reporter-output>
        </test-method> <!-- methodLevelSetUp -->
        <test-method status="PASS" signature="teardown()[pri:0, instance:Target.TestTargetSearchPage@6bf256fa]" name="teardown" is-config="true" duration-ms="646" started-at="2021-04-09T19:18:48Z" finished-at="2021-04-09T19:18:48Z">
          <reporter-output>
          </reporter-output>
        </test-method> <!-- teardown -->
      </class> <!-- Target.TestTargetSearchPage -->
    </test> <!-- SearchPage -->
  </suite> <!-- Suite -->
</testng-results>
